[I] [2017-07-09 10:44:52] 当前的通讯密码为：&^*669$%^#$^776% 
[I] [2017-07-09 10:44:52] HttpServer start generating route table... 
[I] [2017-07-09 10:44:52] Adding DOCUMENT route -> /jartask --> D:\DistributedTasks 
[I] [2017-07-09 10:44:52] Routing over! 
[I] [2017-07-09 10:44:52] Server started OK at port 45555, which cost 1 ms! Please visit:  http://127.0.0.1:45555/list
 
[I] [2017-07-09 10:44:52] 构建XML界面完毕！ 
[I] [2017-07-09 10:45:03] MqRequest send0() return null, retry... 
[I] [2017-07-09 10:45:03] 该请求已经发送过，不再二次发送！ 
[I] [2017-07-09 10:45:03] 消息池空了，拉取消息的服务休眠 15 秒后再试... 
[I] [2017-07-09 10:45:09] Receive request: GET /jartask/ HTTP/1.1 
[I] [2017-07-09 10:45:10] Receive request: GET /favicon.ico HTTP/1.1 
[I] [2017-07-09 10:45:35] HttpServer start generating route table... 
[I] [2017-07-09 10:45:35] Adding DOCUMENT route -> /jartask --> D:\DistributedTasks 
[I] [2017-07-09 10:45:35] Routing over! 
[I] [2017-07-09 10:45:35] Server started OK at port 45555, which cost 3 ms! Please visit:  http://127.0.0.1:45555/list
 
[I] [2017-07-09 10:45:35] 构建XML界面完毕！ 
[I] [2017-07-09 10:45:35] 当前的通讯密码为：&^*669$%^#$^776% 
[I] [2017-07-09 10:45:46] MqRequest send0() return null, retry... 
[I] [2017-07-09 10:45:46] 该请求已经发送过，不再二次发送！ 
[I] [2017-07-09 10:45:46] 消息池空了，拉取消息的服务休眠 15 秒后再试... 
[I] [2017-07-09 10:45:48] Receive request: GET /jartask/ HTTP/1.1 
[I] [2017-07-09 10:45:50] Receive request: GET /jartask/20170709104541.jar HTTP/1.1 
[I] [2017-07-09 10:46:13] MqRequest send0() return null, retry... 
[I] [2017-07-09 10:46:13] 该请求已经发送过，不再二次发送！ 
[I] [2017-07-09 10:46:13] 消息池空了，拉取消息的服务休眠 20 秒后再试... 
[I] [2017-07-09 10:46:44] MqRequest send0() return null, retry... 
[I] [2017-07-09 10:46:44] 该请求已经发送过，不再二次发送！ 
[I] [2017-07-09 10:46:44] 消息池空了，拉取消息的服务休眠 25 秒后再试... 
[I] [2017-07-09 10:47:20] MqRequest send0() return null, retry... 
[I] [2017-07-09 10:47:20] 该请求已经发送过，不再二次发送！ 
[I] [2017-07-09 10:47:20] 消息池空了，拉取消息的服务休眠 30 秒后再试... 
[I] [2017-07-09 10:48:01] MqRequest send0() return null, retry... 
[I] [2017-07-09 10:48:01] 该请求已经发送过，不再二次发送！ 
[I] [2017-07-09 10:48:01] 消息池空了，拉取消息的服务休眠 35 秒后再试... 
[I] [2017-07-09 10:48:47] MqRequest send0() return null, retry... 
[I] [2017-07-09 10:48:47] 该请求已经发送过，不再二次发送！ 
[I] [2017-07-09 10:48:47] 消息池空了，拉取消息的服务休眠 40 秒后再试... 
[I] [2017-07-09 10:49:38] MqRequest send0() return null, retry... 
[I] [2017-07-09 10:49:38] 该请求已经发送过，不再二次发送！ 
[I] [2017-07-09 10:49:38] 消息池空了，拉取消息的服务休眠 45 秒后再试... 
[I] [2017-07-09 10:50:34] MqRequest send0() return null, retry... 
[I] [2017-07-09 10:50:34] 该请求已经发送过，不再二次发送！ 
[I] [2017-07-09 10:50:34] 消息池空了，拉取消息的服务休眠 50 秒后再试... 
[I] [2017-07-09 10:51:35] MqRequest send0() return null, retry... 
[I] [2017-07-09 10:51:35] 该请求已经发送过，不再二次发送！ 
[I] [2017-07-09 10:51:35] 消息池空了，拉取消息的服务休眠 55 秒后再试... 
[I] [2017-07-09 10:51:51] Receive request: null 
[I] [2017-07-09 10:51:51] Receive request: null 
[I] [2017-07-09 10:52:41] MqRequest send0() return null, retry... 
[I] [2017-07-09 10:52:41] 该请求已经发送过，不再二次发送！ 
[I] [2017-07-09 10:52:41] 消息池空了，拉取消息的服务休眠 60 秒后再试... 
[I] [2017-07-09 10:53:52] MqRequest send0() return null, retry... 
[I] [2017-07-09 10:53:52] 该请求已经发送过，不再二次发送！ 
[I] [2017-07-09 10:53:52] 消息池空了，拉取消息的服务休眠 60 秒后再试... 
[I] [2017-07-09 10:55:03] MqRequest send0() return null, retry... 
[I] [2017-07-09 10:55:03] 该请求已经发送过，不再二次发送！ 
[I] [2017-07-09 10:55:03] 消息池空了，拉取消息的服务休眠 60 秒后再试... 
[I] [2017-07-09 10:56:14] MqRequest send0() return null, retry... 
[I] [2017-07-09 10:56:14] 该请求已经发送过，不再二次发送！ 
[I] [2017-07-09 10:56:14] 消息池空了，拉取消息的服务休眠 60 秒后再试... 
[I] [2017-07-09 10:57:25] MqRequest send0() return null, retry... 
[I] [2017-07-09 10:57:25] 该请求已经发送过，不再二次发送！ 
[I] [2017-07-09 10:57:25] 消息池空了，拉取消息的服务休眠 60 秒后再试... 
[I] [2017-07-09 10:58:36] MqRequest send0() return null, retry... 
[I] [2017-07-09 10:58:36] 该请求已经发送过，不再二次发送！ 
[I] [2017-07-09 10:58:36] 消息池空了，拉取消息的服务休眠 60 秒后再试... 
[I] [2017-07-09 10:59:47] MqRequest send0() return null, retry... 
[I] [2017-07-09 10:59:47] 该请求已经发送过，不再二次发送！ 
[I] [2017-07-09 10:59:47] 消息池空了，拉取消息的服务休眠 60 秒后再试... 
[I] [2017-07-09 11:00:58] MqRequest send0() return null, retry... 
[I] [2017-07-09 11:00:58] 该请求已经发送过，不再二次发送！ 
[I] [2017-07-09 11:00:58] 消息池空了，拉取消息的服务休眠 60 秒后再试... 
[I] [2017-07-09 11:02:09] MqRequest send0() return null, retry... 
[I] [2017-07-09 11:02:09] 该请求已经发送过，不再二次发送！ 
[I] [2017-07-09 11:02:09] 消息池空了，拉取消息的服务休眠 60 秒后再试... 
[I] [2017-07-09 11:03:20] MqRequest send0() return null, retry... 
[I] [2017-07-09 11:03:20] 该请求已经发送过，不再二次发送！ 
[I] [2017-07-09 11:03:20] 消息池空了，拉取消息的服务休眠 60 秒后再试... 
[I] [2017-07-09 11:04:31] MqRequest send0() return null, retry... 
[I] [2017-07-09 11:04:31] 该请求已经发送过，不再二次发送！ 
[I] [2017-07-09 11:04:31] 消息池空了，拉取消息的服务休眠 60 秒后再试... 
[I] [2017-07-09 11:05:42] MqRequest send0() return null, retry... 
[I] [2017-07-09 11:05:42] 该请求已经发送过，不再二次发送！ 
[I] [2017-07-09 11:05:42] 消息池空了，拉取消息的服务休眠 60 秒后再试... 
[I] [2017-07-09 11:06:53] MqRequest send0() return null, retry... 
[I] [2017-07-09 11:06:53] 该请求已经发送过，不再二次发送！ 
[I] [2017-07-09 11:06:53] 消息池空了，拉取消息的服务休眠 60 秒后再试... 
[I] [2017-07-09 11:08:04] MqRequest send0() return null, retry... 
[I] [2017-07-09 11:08:04] 该请求已经发送过，不再二次发送！ 
[I] [2017-07-09 11:08:04] 消息池空了，拉取消息的服务休眠 60 秒后再试... 
[I] [2017-07-09 11:09:14] HttpServer start generating route table... 
[I] [2017-07-09 11:09:14] Adding DOCUMENT route -> /jartask --> D:\DistributedTasks 
[I] [2017-07-09 11:09:14] Routing over! 
[I] [2017-07-09 11:09:14] Server started OK at port 45555, which cost 5 ms! Please visit:  http://127.0.0.1:45555/list
 
[I] [2017-07-09 11:09:14] 构建XML界面完毕！ 
[I] [2017-07-09 11:09:14] 当前的通讯密码为：&^*669$%^#$^776% 
[I] [2017-07-09 11:09:25] MqRequest send0() return null, retry... 
[I] [2017-07-09 11:09:25] 该请求已经发送过，不再二次发送！ 
[I] [2017-07-09 11:09:25] 消息池空了，拉取消息的服务休眠 15 秒后再试... 
[I] [2017-07-09 11:09:51] MqRequest send0() return null, retry... 
[I] [2017-07-09 11:09:51] 该请求已经发送过，不再二次发送！ 
[I] [2017-07-09 11:09:51] 消息池空了，拉取消息的服务休眠 20 秒后再试... 
[I] [2017-07-09 11:10:22] MqRequest send0() return null, retry... 
[I] [2017-07-09 11:10:22] 该请求已经发送过，不再二次发送！ 
[I] [2017-07-09 11:10:22] 消息池空了，拉取消息的服务休眠 25 秒后再试... 
[I] [2017-07-09 11:10:58] MqRequest send0() return null, retry... 
[I] [2017-07-09 11:10:58] 该请求已经发送过，不再二次发送！ 
[I] [2017-07-09 11:10:58] 消息池空了，拉取消息的服务休眠 30 秒后再试... 
[I] [2017-07-09 12:02:33] HttpServer start generating route table... 
[I] [2017-07-09 12:02:33] Adding DOCUMENT route -> /jartask --> D:\DistributedTasks 
[I] [2017-07-09 12:02:33] Routing over! 
[I] [2017-07-09 12:02:33] Server started OK at port 45555, which cost 5 ms! Please visit:  http://127.0.0.1:45555/list
 
[I] [2017-07-09 12:02:33] 构建XML界面完毕！ 
[I] [2017-07-09 12:02:33] 当前的通讯密码为：&^*669$%^#$^776% 
[I] [2017-07-09 12:02:44] MqRequest send0() return null, retry... 
[I] [2017-07-09 12:02:44] 该请求已经发送过，不再二次发送！ 
[I] [2017-07-09 12:02:44] 消息池空了，拉取消息的服务休眠 15 秒后再试... 
[I] [2017-07-09 12:03:10] MqRequest send0() return null, retry... 
[I] [2017-07-09 12:03:10] 该请求已经发送过，不再二次发送！ 
[I] [2017-07-09 12:03:10] 消息池空了，拉取消息的服务休眠 20 秒后再试... 
[I] [2017-07-09 12:03:41] MqRequest send0() return null, retry... 
[I] [2017-07-09 12:03:41] 该请求已经发送过，不再二次发送！ 
[I] [2017-07-09 12:03:41] 消息池空了，拉取消息的服务休眠 25 秒后再试... 
[I] [2017-07-09 12:04:17] MqRequest send0() return null, retry... 
[I] [2017-07-09 12:04:17] 该请求已经发送过，不再二次发送！ 
[I] [2017-07-09 12:04:17] 消息池空了，拉取消息的服务休眠 30 秒后再试... 
[I] [2017-07-09 12:04:58] MqRequest send0() return null, retry... 
[I] [2017-07-09 12:04:58] 该请求已经发送过，不再二次发送！ 
[I] [2017-07-09 12:04:58] 消息池空了，拉取消息的服务休眠 35 秒后再试... 
[I] [2017-07-09 12:05:44] MqRequest send0() return null, retry... 
[I] [2017-07-09 12:05:44] 该请求已经发送过，不再二次发送！ 
[I] [2017-07-09 12:05:44] 消息池空了，拉取消息的服务休眠 40 秒后再试... 
[I] [2017-07-09 12:06:35] MqRequest send0() return null, retry... 
[I] [2017-07-09 12:06:35] 该请求已经发送过，不再二次发送！ 
[I] [2017-07-09 12:06:35] 消息池空了，拉取消息的服务休眠 45 秒后再试... 
[I] [2017-07-09 12:07:31] MqRequest send0() return null, retry... 
[I] [2017-07-09 12:07:31] 该请求已经发送过，不再二次发送！ 
[I] [2017-07-09 12:07:31] 消息池空了，拉取消息的服务休眠 50 秒后再试... 
[I] [2017-07-09 12:08:32] MqRequest send0() return null, retry... 
[I] [2017-07-09 12:08:32] 该请求已经发送过，不再二次发送！ 
[I] [2017-07-09 12:08:32] 消息池空了，拉取消息的服务休眠 55 秒后再试... 
[I] [2017-07-09 12:09:38] MqRequest send0() return null, retry... 
[I] [2017-07-09 12:09:38] 该请求已经发送过，不再二次发送！ 
[I] [2017-07-09 12:09:38] 消息池空了，拉取消息的服务休眠 60 秒后再试... 
[I] [2017-07-09 12:10:49] MqRequest send0() return null, retry... 
[I] [2017-07-09 12:10:49] 该请求已经发送过，不再二次发送！ 
[I] [2017-07-09 12:10:49] 消息池空了，拉取消息的服务休眠 60 秒后再试... 
[I] [2017-07-09 12:12:00] MqRequest send0() return null, retry... 
[I] [2017-07-09 12:12:00] 该请求已经发送过，不再二次发送！ 
[I] [2017-07-09 12:12:00] 消息池空了，拉取消息的服务休眠 60 秒后再试... 
[I] [2017-07-09 12:13:11] MqRequest send0() return null, retry... 
[I] [2017-07-09 12:13:11] 该请求已经发送过，不再二次发送！ 
[I] [2017-07-09 12:13:11] 消息池空了，拉取消息的服务休眠 60 秒后再试... 
[I] [2017-07-09 12:14:22] MqRequest send0() return null, retry... 
[I] [2017-07-09 12:14:22] 该请求已经发送过，不再二次发送！ 
[I] [2017-07-09 12:14:22] 消息池空了，拉取消息的服务休眠 60 秒后再试... 
[I] [2017-07-09 12:15:33] MqRequest send0() return null, retry... 
[I] [2017-07-09 12:15:33] 该请求已经发送过，不再二次发送！ 
[I] [2017-07-09 12:15:33] 消息池空了，拉取消息的服务休眠 60 秒后再试... 
[I] [2017-07-09 12:16:44] MqRequest send0() return null, retry... 
[I] [2017-07-09 12:16:44] 该请求已经发送过，不再二次发送！ 
[I] [2017-07-09 12:16:44] 消息池空了，拉取消息的服务休眠 60 秒后再试... 
[I] [2017-07-09 12:22:42] HttpServer start generating route table... 
[I] [2017-07-09 12:22:42] Adding DOCUMENT route -> /jartask --> D:\DistributedTasks 
[I] [2017-07-09 12:22:42] Routing over! 
[I] [2017-07-09 12:22:42] Server started OK at port 45555, which cost 8 ms! Please visit:  http://127.0.0.1:45555/list
 
[I] [2017-07-09 12:22:42] 构建XML界面完毕！ 
[I] [2017-07-09 12:22:42] 当前的通讯密码为：&^*669$%^#$^776% 
[I] [2017-07-09 12:22:54] MqRequest send0() return null, retry... 
[I] [2017-07-09 12:22:54] 该请求已经发送过，不再二次发送！ 
[I] [2017-07-09 12:22:54] 消息池空了，拉取消息的服务休眠 15 秒后再试... 
[I] [2017-07-09 12:22:54] 开始执行分布式任务【20170709122253.jar】！ 
[I] [2017-07-09 12:22:54] 分布式任务【20170709122253.jar】计算完毕！ 
[I] [2017-07-09 12:23:20] MqRequest send0() return null, retry... 
[I] [2017-07-09 12:23:20] 该请求已经发送过，不再二次发送！ 
[I] [2017-07-09 12:23:20] 消息池空了，拉取消息的服务休眠 20 秒后再试... 
[I] [2017-07-09 12:23:51] MqRequest send0() return null, retry... 
[I] [2017-07-09 12:23:51] 该请求已经发送过，不再二次发送！ 
[I] [2017-07-09 12:23:51] 消息池空了，拉取消息的服务休眠 25 秒后再试... 
[I] [2017-07-09 12:24:00] Receive request: GET /jartask/ HTTP/1.1 
[I] [2017-07-09 12:24:02] Receive request: GET /jartask/ HTTP/1.1 
[I] [2017-07-09 12:24:11] Receive request: null 
[I] [2017-07-09 12:24:14] Receive request: GET /jartask/ HTTP/1.1 
[I] [2017-07-09 12:24:27] MqRequest send0() return null, retry... 
[I] [2017-07-09 12:24:27] 该请求已经发送过，不再二次发送！ 
[I] [2017-07-09 12:24:27] 消息池空了，拉取消息的服务休眠 30 秒后再试... 
[I] [2017-07-09 12:24:52] Receive request: null 
[I] [2017-07-09 12:25:08] MqRequest send0() return null, retry... 
[I] [2017-07-09 12:25:08] 该请求已经发送过，不再二次发送！ 
[I] [2017-07-09 12:25:08] 消息池空了，拉取消息的服务休眠 35 秒后再试... 
[I] [2017-07-09 12:25:54] MqRequest send0() return null, retry... 
[I] [2017-07-09 12:25:54] 该请求已经发送过，不再二次发送！ 
[I] [2017-07-09 12:25:54] 消息池空了，拉取消息的服务休眠 40 秒后再试... 
[I] [2017-07-09 12:26:45] MqRequest send0() return null, retry... 
[I] [2017-07-09 12:26:45] 该请求已经发送过，不再二次发送！ 
[I] [2017-07-09 12:26:45] 消息池空了，拉取消息的服务休眠 45 秒后再试... 
[I] [2017-07-09 12:27:41] MqRequest send0() return null, retry... 
[I] [2017-07-09 12:27:41] 该请求已经发送过，不再二次发送！ 
[I] [2017-07-09 12:27:41] 消息池空了，拉取消息的服务休眠 50 秒后再试... 
[I] [2017-07-09 12:28:42] MqRequest send0() return null, retry... 
[I] [2017-07-09 12:28:42] 该请求已经发送过，不再二次发送！ 
[I] [2017-07-09 12:28:42] 消息池空了，拉取消息的服务休眠 55 秒后再试... 
[I] [2017-07-09 12:29:48] MqRequest send0() return null, retry... 
[I] [2017-07-09 12:29:48] 该请求已经发送过，不再二次发送！ 
[I] [2017-07-09 12:29:48] 消息池空了，拉取消息的服务休眠 60 秒后再试... 
[I] [2017-07-09 12:30:59] MqRequest send0() return null, retry... 
[I] [2017-07-09 12:30:59] 该请求已经发送过，不再二次发送！ 
[I] [2017-07-09 12:30:59] 消息池空了，拉取消息的服务休眠 60 秒后再试... 
[I] [2017-07-09 12:34:41] HttpServer start generating route table... 
[I] [2017-07-09 12:34:41] 当前的通讯密码为：&^*669$%^#$^776% 
[I] [2017-07-09 12:34:41] Adding DOCUMENT route -> /jartask --> D:\DistributedTasks 
[I] [2017-07-09 12:34:41] Routing over! 
[I] [2017-07-09 12:34:41] Server started OK at port 45555, which cost 17 ms! Please visit:  http://127.0.0.1:45555/list
 
[I] [2017-07-09 12:34:41] 构建XML界面完毕！ 
[I] [2017-07-09 12:34:47] Receive request: GET /jartask/ HTTP/1.1 
[I] [2017-07-09 12:34:52] MqRequest send0() return null, retry... 
[I] [2017-07-09 12:34:52] 该请求已经发送过，不再二次发送！ 
[I] [2017-07-09 12:34:52] 消息池空了，拉取消息的服务休眠 15 秒后再试... 
[I] [2017-07-09 12:35:07] Receive request: GET /jartask/20170709122253.jar HTTP/1.1 
[I] [2017-07-09 12:35:18] MqRequest send0() return null, retry... 
[I] [2017-07-09 12:35:18] 该请求已经发送过，不再二次发送！ 
[I] [2017-07-09 12:35:18] 消息池空了，拉取消息的服务休眠 20 秒后再试... 
[I] [2017-07-09 12:35:49] MqRequest send0() return null, retry... 
[I] [2017-07-09 12:35:49] 该请求已经发送过，不再二次发送！ 
[I] [2017-07-09 12:35:49] 消息池空了，拉取消息的服务休眠 25 秒后再试... 
[I] [2017-07-09 12:36:25] MqRequest send0() return null, retry... 
[I] [2017-07-09 12:36:25] 该请求已经发送过，不再二次发送！ 
[I] [2017-07-09 12:36:25] 消息池空了，拉取消息的服务休眠 30 秒后再试... 
[I] [2017-07-09 12:37:06] MqRequest send0() return null, retry... 
[I] [2017-07-09 12:37:06] 该请求已经发送过，不再二次发送！ 
[I] [2017-07-09 12:37:06] 消息池空了，拉取消息的服务休眠 35 秒后再试... 
[I] [2017-07-09 12:37:52] MqRequest send0() return null, retry... 
[I] [2017-07-09 12:37:52] 该请求已经发送过，不再二次发送！ 
[I] [2017-07-09 12:37:52] 消息池空了，拉取消息的服务休眠 40 秒后再试... 
[I] [2017-07-09 12:38:43] MqRequest send0() return null, retry... 
[I] [2017-07-09 12:38:43] 该请求已经发送过，不再二次发送！ 
[I] [2017-07-09 12:38:43] 消息池空了，拉取消息的服务休眠 45 秒后再试... 
[I] [2017-07-09 12:39:39] MqRequest send0() return null, retry... 
[I] [2017-07-09 12:39:39] 该请求已经发送过，不再二次发送！ 
[I] [2017-07-09 12:39:39] 消息池空了，拉取消息的服务休眠 50 秒后再试... 
[I] [2017-07-09 12:40:40] MqRequest send0() return null, retry... 
[I] [2017-07-09 12:40:40] 该请求已经发送过，不再二次发送！ 
[I] [2017-07-09 12:40:40] 消息池空了，拉取消息的服务休眠 55 秒后再试... 
[I] [2017-07-09 12:41:47] MqRequest send0() return null, retry... 
[I] [2017-07-09 12:41:47] 该请求已经发送过，不再二次发送！ 
[I] [2017-07-09 12:41:47] 消息池空了，拉取消息的服务休眠 60 秒后再试... 
[I] [2017-07-09 12:42:47] Receive request: GET /jartask/20170709122253.jar HTTP/1.1 
[I] [2017-07-09 12:42:58] MqRequest send0() return null, retry... 
[I] [2017-07-09 12:42:58] 该请求已经发送过，不再二次发送！ 
[I] [2017-07-09 12:42:58] 消息池空了，拉取消息的服务休眠 60 秒后再试... 
[I] [2017-07-09 12:44:09] MqRequest send0() return null, retry... 
[I] [2017-07-09 12:44:09] 该请求已经发送过，不再二次发送！ 
[I] [2017-07-09 12:44:09] 消息池空了，拉取消息的服务休眠 60 秒后再试... 
[I] [2017-07-09 12:45:20] MqRequest send0() return null, retry... 
[I] [2017-07-09 12:45:20] 该请求已经发送过，不再二次发送！ 
[I] [2017-07-09 12:45:20] 消息池空了，拉取消息的服务休眠 60 秒后再试... 
[I] [2017-07-09 12:46:23] Receive request: GET /jartask/20170709122253.jar HTTP/1.1 
[I] [2017-07-09 12:46:31] MqRequest send0() return null, retry... 
[I] [2017-07-09 12:46:31] 该请求已经发送过，不再二次发送！ 
[I] [2017-07-09 12:46:31] 消息池空了，拉取消息的服务休眠 60 秒后再试... 
[I] [2017-07-09 12:47:03] Receive request: GET /jartask/20170709122253.jar HTTP/1.1 
[I] [2017-07-09 12:47:42] MqRequest send0() return null, retry... 
[I] [2017-07-09 12:47:42] 该请求已经发送过，不再二次发送！ 
[I] [2017-07-09 12:47:42] 消息池空了，拉取消息的服务休眠 60 秒后再试... 
[I] [2017-07-09 12:48:53] MqRequest send0() return null, retry... 
[I] [2017-07-09 12:48:53] 该请求已经发送过，不再二次发送！ 
[I] [2017-07-09 12:48:53] 消息池空了，拉取消息的服务休眠 60 秒后再试... 
[I] [2017-07-09 12:49:14] Receive request: GET /jartask/20170709122253.jar HTTP/1.1 
[I] [2017-07-09 12:50:04] MqRequest send0() return null, retry... 
[I] [2017-07-09 12:50:04] 该请求已经发送过，不再二次发送！ 
[I] [2017-07-09 12:50:04] 消息池空了，拉取消息的服务休眠 60 秒后再试... 
[I] [2017-07-09 12:51:15] MqRequest send0() return null, retry... 
[I] [2017-07-09 12:51:15] 该请求已经发送过，不再二次发送！ 
[I] [2017-07-09 12:51:15] 消息池空了，拉取消息的服务休眠 60 秒后再试... 
[I] [2017-07-09 12:52:26] MqRequest send0() return null, retry... 
[I] [2017-07-09 12:52:26] 该请求已经发送过，不再二次发送！ 
[I] [2017-07-09 12:52:26] 消息池空了，拉取消息的服务休眠 60 秒后再试... 
[I] [2017-07-09 12:53:37] MqRequest send0() return null, retry... 
[I] [2017-07-09 12:53:37] 该请求已经发送过，不再二次发送！ 
[I] [2017-07-09 12:53:37] 消息池空了，拉取消息的服务休眠 60 秒后再试... 
[I] [2017-07-09 12:54:48] MqRequest send0() return null, retry... 
[I] [2017-07-09 12:54:48] 该请求已经发送过，不再二次发送！ 
[I] [2017-07-09 12:54:48] 消息池空了，拉取消息的服务休眠 60 秒后再试... 
[I] [2017-07-09 12:55:59] MqRequest send0() return null, retry... 
[I] [2017-07-09 12:55:59] 该请求已经发送过，不再二次发送！ 
[I] [2017-07-09 12:55:59] 消息池空了，拉取消息的服务休眠 60 秒后再试... 
[I] [2017-07-09 12:57:10] MqRequest send0() return null, retry... 
[I] [2017-07-09 12:57:10] 该请求已经发送过，不再二次发送！ 
[I] [2017-07-09 12:57:10] 消息池空了，拉取消息的服务休眠 60 秒后再试... 
[I] [2017-07-09 12:58:21] MqRequest send0() return null, retry... 
[I] [2017-07-09 12:58:21] 该请求已经发送过，不再二次发送！ 
[I] [2017-07-09 12:58:21] 消息池空了，拉取消息的服务休眠 60 秒后再试... 
[I] [2017-07-09 12:58:28] Receive request: GET /jartask/20170709122253.jar HTTP/1.1 
[I] [2017-07-09 12:59:32] MqRequest send0() return null, retry... 
[I] [2017-07-09 12:59:32] 该请求已经发送过，不再二次发送！ 
[I] [2017-07-09 12:59:32] 消息池空了，拉取消息的服务休眠 60 秒后再试... 
[I] [2017-07-09 13:00:43] MqRequest send0() return null, retry... 
[I] [2017-07-09 13:00:43] 该请求已经发送过，不再二次发送！ 
[I] [2017-07-09 13:00:43] 消息池空了，拉取消息的服务休眠 60 秒后再试... 
[I] [2017-07-09 13:01:54] MqRequest send0() return null, retry... 
[I] [2017-07-09 13:01:54] 该请求已经发送过，不再二次发送！ 
[I] [2017-07-09 13:01:54] 消息池空了，拉取消息的服务休眠 60 秒后再试... 
[I] [2017-07-09 13:03:05] MqRequest send0() return null, retry... 
[I] [2017-07-09 13:03:05] 该请求已经发送过，不再二次发送！ 
[I] [2017-07-09 13:03:05] 消息池空了，拉取消息的服务休眠 60 秒后再试... 
[I] [2017-07-09 13:04:16] MqRequest send0() return null, retry... 
[I] [2017-07-09 13:04:16] 该请求已经发送过，不再二次发送！ 
[I] [2017-07-09 13:04:16] 消息池空了，拉取消息的服务休眠 60 秒后再试... 
[I] [2017-07-09 13:05:27] MqRequest send0() return null, retry... 
[I] [2017-07-09 13:05:27] 该请求已经发送过，不再二次发送！ 
[I] [2017-07-09 13:05:27] 消息池空了，拉取消息的服务休眠 60 秒后再试... 
[I] [2017-07-09 13:06:38] MqRequest send0() return null, retry... 
[I] [2017-07-09 13:06:38] 该请求已经发送过，不再二次发送！ 
[I] [2017-07-09 13:06:38] 消息池空了，拉取消息的服务休眠 60 秒后再试... 
[I] [2017-07-09 13:07:34] Receive request: GET /jartask/20170709122253.jar HTTP/1.1 
[I] [2017-07-09 13:07:49] MqRequest send0() return null, retry... 
[I] [2017-07-09 13:07:49] 该请求已经发送过，不再二次发送！ 
[I] [2017-07-09 13:07:49] 消息池空了，拉取消息的服务休眠 60 秒后再试... 
[I] [2017-07-09 13:09:00] MqRequest send0() return null, retry... 
[I] [2017-07-09 13:09:00] 该请求已经发送过，不再二次发送！ 
[I] [2017-07-09 13:09:00] 消息池空了，拉取消息的服务休眠 60 秒后再试... 
[I] [2017-07-09 13:10:11] MqRequest send0() return null, retry... 
[I] [2017-07-09 13:10:11] 该请求已经发送过，不再二次发送！ 
[I] [2017-07-09 13:10:11] 消息池空了，拉取消息的服务休眠 60 秒后再试... 
[I] [2017-07-09 13:11:22] MqRequest send0() return null, retry... 
[I] [2017-07-09 13:11:22] 该请求已经发送过，不再二次发送！ 
[I] [2017-07-09 13:11:22] 消息池空了，拉取消息的服务休眠 60 秒后再试... 
[I] [2017-07-09 13:12:33] MqRequest send0() return null, retry... 
[I] [2017-07-09 13:12:33] 该请求已经发送过，不再二次发送！ 
[I] [2017-07-09 13:12:33] 消息池空了，拉取消息的服务休眠 60 秒后再试... 
[I] [2017-07-09 13:13:44] MqRequest send0() return null, retry... 
[I] [2017-07-09 13:13:44] 该请求已经发送过，不再二次发送！ 
[I] [2017-07-09 13:13:44] 消息池空了，拉取消息的服务休眠 60 秒后再试... 
[I] [2017-07-09 13:14:55] MqRequest send0() return null, retry... 
[I] [2017-07-09 13:14:55] 该请求已经发送过，不再二次发送！ 
[I] [2017-07-09 13:14:55] 消息池空了，拉取消息的服务休眠 60 秒后再试... 
[I] [2017-07-09 13:16:06] MqRequest send0() return null, retry... 
[I] [2017-07-09 13:16:06] 该请求已经发送过，不再二次发送！ 
[I] [2017-07-09 13:16:06] 消息池空了，拉取消息的服务休眠 60 秒后再试... 
[I] [2017-07-09 13:17:17] MqRequest send0() return null, retry... 
[I] [2017-07-09 13:17:17] 该请求已经发送过，不再二次发送！ 
[I] [2017-07-09 13:17:17] 消息池空了，拉取消息的服务休眠 60 秒后再试... 
[I] [2017-07-09 13:18:28] MqRequest send0() return null, retry... 
[I] [2017-07-09 13:18:28] 该请求已经发送过，不再二次发送！ 
[I] [2017-07-09 13:18:28] 消息池空了，拉取消息的服务休眠 60 秒后再试... 
[I] [2017-07-09 13:19:39] MqRequest send0() return null, retry... 
[I] [2017-07-09 13:19:39] 该请求已经发送过，不再二次发送！ 
[I] [2017-07-09 13:19:39] 消息池空了，拉取消息的服务休眠 60 秒后再试... 
[I] [2017-07-09 13:20:50] MqRequest send0() return null, retry... 
[I] [2017-07-09 13:20:50] 该请求已经发送过，不再二次发送！ 
[I] [2017-07-09 13:20:50] 消息池空了，拉取消息的服务休眠 60 秒后再试... 
[I] [2017-07-09 13:22:01] MqRequest send0() return null, retry... 
[I] [2017-07-09 13:22:01] 该请求已经发送过，不再二次发送！ 
[I] [2017-07-09 13:22:01] 消息池空了，拉取消息的服务休眠 60 秒后再试... 
[I] [2017-07-09 13:23:12] MqRequest send0() return null, retry... 
[I] [2017-07-09 13:23:12] 该请求已经发送过，不再二次发送！ 
[I] [2017-07-09 13:23:12] 消息池空了，拉取消息的服务休眠 60 秒后再试... 
[I] [2017-07-09 13:24:01] HttpServer start generating route table... 
[I] [2017-07-09 13:24:01] Adding DOCUMENT route -> /jartask --> D:\DistributedTasks 
[I] [2017-07-09 13:24:01] Routing over! 
[I] [2017-07-09 13:24:01] Server started OK at port 45555, which cost 8 ms! Please visit:  http://127.0.0.1:45555/list
 
[I] [2017-07-09 13:24:01] 当前的通讯密码为：&^*669$%^#$^776% 
[I] [2017-07-09 13:24:01] 构建XML界面完毕！ 
[I] [2017-07-09 13:24:12] MqRequest send0() return null, retry... 
[I] [2017-07-09 13:24:12] 该请求已经发送过，不再二次发送！ 
[I] [2017-07-09 13:24:12] 消息池空了，拉取消息的服务休眠 15 秒后再试... 
[I] [2017-07-09 13:24:37] HttpServer start generating route table... 
[I] [2017-07-09 13:24:37] Adding DOCUMENT route -> /jartask --> D:\DistributedTasks 
[I] [2017-07-09 13:24:37] Routing over! 
[I] [2017-07-09 13:24:37] Server started OK at port 45555, which cost 4 ms! Please visit:  http://127.0.0.1:45555/list
 
[I] [2017-07-09 13:24:37] 构建XML界面完毕！ 
[I] [2017-07-09 13:24:37] 当前的通讯密码为：&^*669$%^#$^776% 
[I] [2017-07-09 13:42:29] HttpServer start generating route table... 
[I] [2017-07-09 13:42:29] Adding DOCUMENT route -> /jartask --> D:\DistributedTasks 
[I] [2017-07-09 13:42:29] Routing over! 
[I] [2017-07-09 13:42:29] 当前的通讯密码为：&^*669$%^#$^776% 
[I] [2017-07-09 13:42:29] Server started OK at port 45555, which cost 6 ms! Please visit:  http://127.0.0.1:45555/list
 
[I] [2017-07-09 13:42:29] 构建XML界面完毕！ 
[I] [2017-07-09 13:42:41] MqRequest send0() return null, retry... 
[I] [2017-07-09 13:42:41] 该请求已经发送过，不再二次发送！ 
[I] [2017-07-09 13:42:41] 消息池空了，拉取消息的服务休眠 15 秒后再试... 
[I] [2017-07-09 13:42:53] 客户端收到 msg:com.lnwazg.myzoo.bean.Msg@2402fb9c[
  token=<null>
  path=/client/serversChanged
  map=<null>
  list=<null>
  obj=<null>
]
 
[I] [2017-07-09 13:42:55] 客户端收到 msg:com.lnwazg.myzoo.bean.Msg@4fe369f2[
  token=<null>
  path=/client/serversChanged
  map=<null>
  list=<null>
  obj=<null>
]
 
[I] [2017-07-09 13:43:05] 客户端收到 msg:com.lnwazg.myzoo.bean.Msg@745aa64b[
  token=<null>
  path=/client/serversChanged
  map=<null>
  list=<null>
  obj=<null>
]
 
[I] [2017-07-09 13:43:07] MqRequest send0() return null, retry... 
[I] [2017-07-09 13:43:07] 该请求已经发送过，不再二次发送！ 
[I] [2017-07-09 13:43:07] 消息池空了，拉取消息的服务休眠 20 秒后再试... 
[I] [2017-07-09 13:43:11] 客户端收到 msg:com.lnwazg.myzoo.bean.Msg@2c084fb3[
  token=<null>
  path=/client/serversChanged
  map=<null>
  list=<null>
  obj=<null>
]
 
[I] [2017-07-09 13:43:18] 客户端收到 msg:com.lnwazg.myzoo.bean.Msg@1fe58fb5[
  token=<null>
  path=/client/serversChanged
  map=<null>
  list=<null>
  obj=<null>
]
 
[I] [2017-07-09 13:43:19] 客户端收到 msg:com.lnwazg.myzoo.bean.Msg@4b9dd942[
  token=<null>
  path=/client/serversChanged
  map=<null>
  list=<null>
  obj=<null>
]
 
[I] [2017-07-09 13:43:38] MqRequest send0() return null, retry... 
[I] [2017-07-09 13:43:38] 该请求已经发送过，不再二次发送！ 
[I] [2017-07-09 13:43:38] 消息池空了，拉取消息的服务休眠 25 秒后再试... 
[I] [2017-07-09 13:44:14] MqRequest send0() return null, retry... 
[I] [2017-07-09 13:44:14] 该请求已经发送过，不再二次发送！ 
[I] [2017-07-09 13:44:14] 消息池空了，拉取消息的服务休眠 30 秒后再试... 
[I] [2017-07-09 13:44:47] HttpServer start generating route table... 
[I] [2017-07-09 13:44:47] Adding DOCUMENT route -> /jartask --> D:\DistributedTasks 
[I] [2017-07-09 13:44:47] Routing over! 
[I] [2017-07-09 13:44:47] Server started OK at port 45555, which cost 6 ms! Please visit:  http://127.0.0.1:45555/list
 
[I] [2017-07-09 13:44:47] 当前的通讯密码为：&^*669$%^#$^776% 
[I] [2017-07-09 13:44:47] 构建XML界面完毕！ 
[I] [2017-07-09 13:44:58] MqRequest send0() return null, retry... 
[I] [2017-07-09 13:44:58] 该请求已经发送过，不再二次发送！ 
[I] [2017-07-09 13:44:58] 消息池空了，拉取消息的服务休眠 15 秒后再试... 
[I] [2017-07-09 13:45:24] MqRequest send0() return null, retry... 
[I] [2017-07-09 13:45:24] 该请求已经发送过，不再二次发送！ 
[I] [2017-07-09 13:45:24] 消息池空了，拉取消息的服务休眠 20 秒后再试... 
[I] [2017-07-09 13:45:55] MqRequest send0() return null, retry... 
[I] [2017-07-09 13:45:55] 该请求已经发送过，不再二次发送！ 
[I] [2017-07-09 13:45:55] 消息池空了，拉取消息的服务休眠 25 秒后再试... 
[I] [2017-07-09 13:46:31] MqRequest send0() return null, retry... 
[I] [2017-07-09 13:46:31] 该请求已经发送过，不再二次发送！ 
[I] [2017-07-09 13:46:31] 消息池空了，拉取消息的服务休眠 30 秒后再试... 
[I] [2017-07-09 13:47:12] MqRequest send0() return null, retry... 
[I] [2017-07-09 13:47:12] 该请求已经发送过，不再二次发送！ 
[I] [2017-07-09 13:47:12] 消息池空了，拉取消息的服务休眠 35 秒后再试... 
[I] [2017-07-09 14:09:34] HttpServer start generating route table... 
[I] [2017-07-09 14:09:34] Adding DOCUMENT route -> /jartask --> D:\DistributedTasks 
[I] [2017-07-09 14:09:34] Routing over! 
[I] [2017-07-09 14:09:34] 读取到证书信息，更新通讯秘钥... 
[I] [2017-07-09 14:09:34] 当前的通讯密码为：d1335d06d5319cd2 
[I] [2017-07-09 14:09:34] Server started OK at port 45555, which cost 14 ms! Please visit:  http://127.0.0.1:45555/list
 
[I] [2017-07-09 14:09:34] 构建XML界面完毕！ 
[I] [2017-07-09 14:09:34] 本次总计减少传输量11字节 
[I] [2017-07-09 14:09:34] MqRequest cost 152 ms 
[I] [2017-07-09 14:09:34] 拉取到订阅频道【NameNode】的消息 
[I] [2017-07-09 14:09:34] 有消息收到了,开始顺序收取完全部的消息... 
[I] [2017-07-09 14:09:34] 开始收取下一条积压的消息... 
[I] [2017-07-09 14:09:34] 本次总计减少传输量11字节 
[I] [2017-07-09 14:09:34] MqRequest cost 5 ms 
[I] [2017-07-09 14:09:34] 拉取到订阅频道【NameNode】的消息 
[I] [2017-07-09 14:09:34] 开始收取下一条积压的消息... 
[I] [2017-07-09 14:09:34] 本次总计减少传输量11字节 
[I] [2017-07-09 14:09:34] MqRequest cost 5 ms 
[I] [2017-07-09 14:09:34] 拉取到订阅频道【NameNode】的消息 
[I] [2017-07-09 14:09:34] 开始收取下一条积压的消息... 
[I] [2017-07-09 14:09:34] 本次总计减少传输量11字节 
[I] [2017-07-09 14:09:34] MqRequest cost 5 ms 
[I] [2017-07-09 14:09:34] 拉取到订阅频道【NameNode】的消息 
[I] [2017-07-09 14:09:34] 开始收取下一条积压的消息... 
[I] [2017-07-09 14:09:34] 本次总计减少传输量-52字节 
[I] [2017-07-09 14:09:34] MqRequest cost 3 ms 
[I] [2017-07-09 14:09:34] 订阅频道的消息为空！ 
[I] [2017-07-09 14:09:34] 所有积压的消息已经全部收取完毕！ 
[I] [2017-07-09 14:09:34] 消息池空了，拉取消息的服务休眠 10 秒后再试... 
[I] [2017-07-09 14:09:44] 本次总计减少传输量-52字节 
[I] [2017-07-09 14:09:44] MqRequest cost 2 ms 
[I] [2017-07-09 14:09:44] 订阅频道的消息为空！ 
[I] [2017-07-09 14:09:44] 消息池空了，拉取消息的服务休眠 15 秒后再试... 
[I] [2017-07-09 14:09:59] 本次总计减少传输量-52字节 
[I] [2017-07-09 14:09:59] MqRequest cost 2 ms 
[I] [2017-07-09 14:09:59] 订阅频道的消息为空！ 
[I] [2017-07-09 14:09:59] 消息池空了，拉取消息的服务休眠 20 秒后再试... 
[I] [2017-07-09 14:10:19] 本次总计减少传输量-52字节 
[I] [2017-07-09 14:10:19] MqRequest cost 2 ms 
[I] [2017-07-09 14:10:19] 订阅频道的消息为空！ 
[I] [2017-07-09 14:10:19] 消息池空了，拉取消息的服务休眠 25 秒后再试... 
[I] [2017-07-09 14:11:02] HttpServer start generating route table... 
[I] [2017-07-09 14:11:02] Adding DOCUMENT route -> /jartask --> D:\DistributedTasks 
[I] [2017-07-09 14:11:02] Routing over! 
[I] [2017-07-09 14:11:02] Server started OK at port 45555, which cost 5 ms! Please visit:  http://127.0.0.1:45555/list
 
[I] [2017-07-09 14:11:02] 构建XML界面完毕！ 
[I] [2017-07-09 14:11:02] 读取到证书信息，更新通讯秘钥... 
[I] [2017-07-09 14:11:02] 当前的通讯密码为：d1335d06d5319cd2 
[I] [2017-07-09 14:11:02] 本次总计减少传输量-52字节 
[I] [2017-07-09 14:11:02] MqRequest cost 158 ms 
[I] [2017-07-09 14:11:02] 订阅频道的消息为空！ 
[I] [2017-07-09 14:11:02] 消息池空了，拉取消息的服务休眠 15 秒后再试... 
[I] [2017-07-09 14:11:17] 本次总计减少传输量-52字节 
[I] [2017-07-09 14:11:17] MqRequest cost 2 ms 
[I] [2017-07-09 14:11:17] 订阅频道的消息为空！ 
[I] [2017-07-09 14:11:17] 消息池空了，拉取消息的服务休眠 20 秒后再试... 
[I] [2017-07-09 14:11:37] 本次总计减少传输量-52字节 
[I] [2017-07-09 14:11:37] MqRequest cost 2 ms 
[I] [2017-07-09 14:11:37] 订阅频道的消息为空！ 
[I] [2017-07-09 14:11:37] 消息池空了，拉取消息的服务休眠 25 秒后再试... 
[I] [2017-07-09 14:12:02] 本次总计减少传输量-52字节 
[I] [2017-07-09 14:12:02] MqRequest cost 2 ms 
[I] [2017-07-09 14:12:02] 订阅频道的消息为空！ 
[I] [2017-07-09 14:12:02] 消息池空了，拉取消息的服务休眠 30 秒后再试... 
[I] [2017-07-09 14:12:32] 本次总计减少传输量-52字节 
[I] [2017-07-09 14:12:32] MqRequest cost 2 ms 
[I] [2017-07-09 14:12:32] 订阅频道的消息为空！ 
[I] [2017-07-09 14:12:32] 消息池空了，拉取消息的服务休眠 35 秒后再试... 
[I] [2017-07-09 14:12:37] 构建XML界面完毕！ 
[I] [2017-07-09 14:12:37] 读取到证书信息，更新通讯秘钥... 
[I] [2017-07-09 14:12:37] 当前的通讯密码为：d1335d06d5319cd2 
[I] [2017-07-09 14:12:37] 本次总计减少传输量-52字节 
[I] [2017-07-09 14:12:37] MqRequest cost 180 ms 
[I] [2017-07-09 14:12:37] 订阅频道的消息为空！ 
[I] [2017-07-09 14:12:37] 消息池空了，拉取消息的服务休眠 15 秒后再试... 
[I] [2017-07-09 14:13:07] 本次总计减少传输量-52字节 
[I] [2017-07-09 14:13:07] MqRequest cost 2 ms 
[I] [2017-07-09 14:13:07] 订阅频道的消息为空！ 
[I] [2017-07-09 14:13:07] 消息池空了，拉取消息的服务休眠 40 秒后再试... 
[I] [2017-07-09 14:13:46] HttpServer start generating route table... 
[I] [2017-07-09 14:13:46] Adding DOCUMENT route -> /jartask --> D:\DistributedTasks 
[I] [2017-07-09 14:13:46] Routing over! 
[I] [2017-07-09 14:13:46] Server started OK at port 45555, which cost 8 ms! Please visit:  http://127.0.0.1:45555/list
 
[I] [2017-07-09 14:13:46] 构建XML界面完毕！ 
[I] [2017-07-09 14:13:46] 读取到证书信息，更新通讯秘钥... 
[I] [2017-07-09 14:13:46] 当前的通讯密码为：d1335d06d5319cd2 
[I] [2017-07-09 14:13:46] 本次总计减少传输量-52字节 
[I] [2017-07-09 14:13:46] MqRequest cost 142 ms 
[I] [2017-07-09 14:13:46] 订阅频道的消息为空！ 
[I] [2017-07-09 14:13:46] 消息池空了，拉取消息的服务休眠 15 秒后再试... 
[I] [2017-07-09 14:14:01] 本次总计减少传输量11字节 
[I] [2017-07-09 14:14:01] MqRequest cost 2 ms 
[I] [2017-07-09 14:14:01] 拉取到订阅频道【NameNode】的消息 
[I] [2017-07-09 14:14:01] 有消息收到了,开始顺序收取完全部的消息... 
[I] [2017-07-09 14:14:01] 开始收取下一条积压的消息... 
[I] [2017-07-09 14:14:01] 本次总计减少传输量-52字节 
[I] [2017-07-09 14:14:01] MqRequest cost 3 ms 
[I] [2017-07-09 14:14:01] 订阅频道的消息为空！ 
[I] [2017-07-09 14:14:01] 所有积压的消息已经全部收取完毕！ 
[I] [2017-07-09 14:14:01] 消息池空了，拉取消息的服务休眠 10 秒后再试... 
[I] [2017-07-09 14:14:11] 本次总计减少传输量-52字节 
[I] [2017-07-09 14:14:11] MqRequest cost 2 ms 
[I] [2017-07-09 14:14:11] 订阅频道的消息为空！ 
[I] [2017-07-09 14:14:11] 消息池空了，拉取消息的服务休眠 15 秒后再试... 
[I] [2017-07-09 14:14:26] 本次总计减少传输量-52字节 
[I] [2017-07-09 14:14:26] MqRequest cost 1 ms 
[I] [2017-07-09 14:14:26] 订阅频道的消息为空！ 
[I] [2017-07-09 14:14:26] 消息池空了，拉取消息的服务休眠 20 秒后再试... 
[I] [2017-07-09 14:14:37] 开始执行分布式任务【20170709141436.jar】！ 
[I] [2017-07-09 14:14:38] 本次总计减少传输量3字节 
[I] [2017-07-09 14:14:38] MqRequest cost 2 ms 
[I] [2017-07-09 14:14:46] 本次总计减少传输量-52字节 
[I] [2017-07-09 14:14:46] MqRequest cost 2 ms 
[I] [2017-07-09 14:14:46] 订阅频道的消息为空！ 
[I] [2017-07-09 14:14:46] 消息池空了，拉取消息的服务休眠 25 秒后再试... 
[I] [2017-07-09 14:14:52] Receive request: GET /jartask/20170709141436.jar HTTP/1.1 
[I] [2017-07-09 14:15:11] 本次总计减少传输量-52字节 
[I] [2017-07-09 14:15:11] MqRequest cost 2 ms 
[I] [2017-07-09 14:15:11] 订阅频道的消息为空！ 
[I] [2017-07-09 14:15:11] 消息池空了，拉取消息的服务休眠 30 秒后再试... 
[I] [2017-07-09 14:15:41] 本次总计减少传输量155字节 
[I] [2017-07-09 14:15:41] MqRequest cost 2 ms 
[I] [2017-07-09 14:15:41] 拉取到订阅频道【NameNode】的消息 
[I] [2017-07-09 14:15:41] 有消息收到了,开始顺序收取完全部的消息... 
[I] [2017-07-09 14:15:41] 开始收取下一条积压的消息... 
[I] [2017-07-09 14:15:41] 本次总计减少传输量155字节 
[I] [2017-07-09 14:15:41] MqRequest cost 3 ms 
[I] [2017-07-09 14:15:41] 拉取到订阅频道【NameNode】的消息 
[I] [2017-07-09 14:15:41] 开始收取下一条积压的消息... 
[I] [2017-07-09 14:15:41] 本次总计减少传输量155字节 
[I] [2017-07-09 14:15:41] MqRequest cost 3 ms 
[I] [2017-07-09 14:15:41] 拉取到订阅频道【NameNode】的消息 
[I] [2017-07-09 14:15:41] 开始收取下一条积压的消息... 
[I] [2017-07-09 14:15:41] 本次总计减少传输量-52字节 
[I] [2017-07-09 14:15:41] MqRequest cost 3 ms 
[I] [2017-07-09 14:15:41] 订阅频道的消息为空！ 
[I] [2017-07-09 14:15:41] 所有积压的消息已经全部收取完毕！ 
[I] [2017-07-09 14:15:41] 消息池空了，拉取消息的服务休眠 10 秒后再试... 
[I] [2017-07-09 14:15:51] 本次总计减少传输量-52字节 
[I] [2017-07-09 14:15:51] MqRequest cost 2 ms 
[I] [2017-07-09 14:15:51] 订阅频道的消息为空！ 
[I] [2017-07-09 14:15:51] 消息池空了，拉取消息的服务休眠 15 秒后再试... 
[I] [2017-07-09 14:16:02] 开始执行分布式任务【20170709141601.jar】！ 
[I] [2017-07-09 14:16:02] 本次总计减少传输量668字节 
[I] [2017-07-09 14:16:02] MqRequest cost 5 ms 
[I] [2017-07-09 14:16:03] Receive request: GET /jartask/20170709141601.jar HTTP/1.1 
[I] [2017-07-09 14:16:06] 本次总计减少传输量-52字节 
[I] [2017-07-09 14:16:06] MqRequest cost 2 ms 
[I] [2017-07-09 14:16:06] 订阅频道的消息为空！ 
[I] [2017-07-09 14:16:06] 消息池空了，拉取消息的服务休眠 20 秒后再试... 
[I] [2017-07-09 14:16:18] Receive request: GET /jartask/20170709141601.jar HTTP/1.1 
[I] [2017-07-09 14:16:24] Receive request: GET /jartask/20170709141601.jar HTTP/1.1 
[I] [2017-07-09 14:16:26] 本次总计减少传输量-52字节 
[I] [2017-07-09 14:16:26] MqRequest cost 2 ms 
[I] [2017-07-09 14:16:26] 订阅频道的消息为空！ 
[I] [2017-07-09 14:16:26] 消息池空了，拉取消息的服务休眠 25 秒后再试... 
[I] [2017-07-09 14:16:51] 本次总计减少传输量-52字节 
[I] [2017-07-09 14:16:51] MqRequest cost 1 ms 
[I] [2017-07-09 14:16:51] 订阅频道的消息为空！ 
[I] [2017-07-09 14:16:51] 消息池空了，拉取消息的服务休眠 30 秒后再试... 
[I] [2017-07-09 14:17:21] 本次总计减少传输量-52字节 
[I] [2017-07-09 14:17:21] MqRequest cost 2 ms 
[I] [2017-07-09 14:17:21] 订阅频道的消息为空！ 
[I] [2017-07-09 14:17:21] 消息池空了，拉取消息的服务休眠 35 秒后再试... 
[I] [2017-07-09 14:17:56] 本次总计减少传输量-52字节 
[I] [2017-07-09 14:17:56] MqRequest cost 2 ms 
[I] [2017-07-09 14:17:56] 订阅频道的消息为空！ 
[I] [2017-07-09 14:17:56] 消息池空了，拉取消息的服务休眠 40 秒后再试... 
[I] [2017-07-09 14:18:36] 本次总计减少传输量-52字节 
[I] [2017-07-09 14:18:36] MqRequest cost 1 ms 
[I] [2017-07-09 14:18:36] 订阅频道的消息为空！ 
[I] [2017-07-09 14:18:36] 消息池空了，拉取消息的服务休眠 45 秒后再试... 
[I] [2017-07-09 14:19:22] 本次总计减少传输量-52字节 
[I] [2017-07-09 14:19:22] MqRequest cost 1 ms 
[I] [2017-07-09 14:19:22] 订阅频道的消息为空！ 
[I] [2017-07-09 14:19:22] 消息池空了，拉取消息的服务休眠 50 秒后再试... 
[I] [2017-07-09 14:29:51] HttpServer start generating route table... 
[I] [2017-07-09 14:29:51] Adding DOCUMENT route -> /jartask --> D:\DistributedTasks 
[I] [2017-07-09 14:29:51] Routing over! 
[I] [2017-07-09 14:29:51] Server started OK at port 45555, which cost 10 ms! Please visit:  http://127.0.0.1:45555/list
 
[I] [2017-07-09 14:29:51] 读取到证书信息，更新通讯秘钥... 
[I] [2017-07-09 14:29:51] 构建XML界面完毕！ 
[I] [2017-07-09 14:29:51] 当前的通讯密码为：d1335d06d5319cd2 
[I] [2017-07-09 14:29:51] 本次总计减少传输量-52字节 
[I] [2017-07-09 14:29:51] MqRequest cost 136 ms 
[I] [2017-07-09 14:29:51] 订阅频道的消息为空！ 
[I] [2017-07-09 14:29:51] 消息池空了，拉取消息的服务休眠 15 秒后再试... 
[I] [2017-07-09 14:30:06] 本次总计减少传输量11字节 
[I] [2017-07-09 14:30:06] MqRequest cost 3 ms 
[I] [2017-07-09 14:30:06] 拉取到订阅频道【NameNode】的消息 
[I] [2017-07-09 14:30:06] 有消息收到了,开始顺序收取完全部的消息... 
[I] [2017-07-09 14:30:06] 开始收取下一条积压的消息... 
[I] [2017-07-09 14:30:06] 本次总计减少传输量-52字节 
[I] [2017-07-09 14:30:06] MqRequest cost 3 ms 
[I] [2017-07-09 14:30:06] 订阅频道的消息为空！ 
[I] [2017-07-09 14:30:06] 所有积压的消息已经全部收取完毕！ 
[I] [2017-07-09 14:30:06] 消息池空了，拉取消息的服务休眠 10 秒后再试... 
[I] [2017-07-09 14:30:16] 本次总计减少传输量-52字节 
[I] [2017-07-09 14:30:16] MqRequest cost 1 ms 
[I] [2017-07-09 14:30:16] 订阅频道的消息为空！ 
[I] [2017-07-09 14:30:16] 消息池空了，拉取消息的服务休眠 15 秒后再试... 
[I] [2017-07-09 14:30:31] 本次总计减少传输量-52字节 
[I] [2017-07-09 14:30:31] MqRequest cost 1 ms 
[I] [2017-07-09 14:30:31] 订阅频道的消息为空！ 
[I] [2017-07-09 14:30:31] 消息池空了，拉取消息的服务休眠 20 秒后再试... 
[I] [2017-07-09 14:30:51] 本次总计减少传输量-52字节 
[I] [2017-07-09 14:30:51] MqRequest cost 1 ms 
[I] [2017-07-09 14:30:51] 订阅频道的消息为空！ 
[I] [2017-07-09 14:30:51] 消息池空了，拉取消息的服务休眠 25 秒后再试... 
[I] [2017-07-09 14:31:16] 本次总计减少传输量-52字节 
[I] [2017-07-09 14:31:16] MqRequest cost 2 ms 
[I] [2017-07-09 14:31:16] 订阅频道的消息为空！ 
[I] [2017-07-09 14:31:16] 消息池空了，拉取消息的服务休眠 30 秒后再试... 
[I] [2017-07-09 14:31:46] 本次总计减少传输量11字节 
[I] [2017-07-09 14:31:46] MqRequest cost 2 ms 
[I] [2017-07-09 14:31:46] 拉取到订阅频道【NameNode】的消息 
[I] [2017-07-09 14:31:46] 有消息收到了,开始顺序收取完全部的消息... 
[I] [2017-07-09 14:31:46] 开始收取下一条积压的消息... 
[I] [2017-07-09 14:31:46] 本次总计减少传输量11字节 
[I] [2017-07-09 14:31:46] MqRequest cost 2 ms 
[I] [2017-07-09 14:31:46] 拉取到订阅频道【NameNode】的消息 
[I] [2017-07-09 14:31:46] 开始收取下一条积压的消息... 
[I] [2017-07-09 14:31:46] 本次总计减少传输量11字节 
[I] [2017-07-09 14:31:46] MqRequest cost 3 ms 
[I] [2017-07-09 14:31:46] 拉取到订阅频道【NameNode】的消息 
[I] [2017-07-09 14:31:46] 开始收取下一条积压的消息... 
[I] [2017-07-09 14:31:46] 本次总计减少传输量-52字节 
[I] [2017-07-09 14:31:46] MqRequest cost 2 ms 
[I] [2017-07-09 14:31:46] 订阅频道的消息为空！ 
[I] [2017-07-09 14:31:46] 所有积压的消息已经全部收取完毕！ 
[I] [2017-07-09 14:31:46] 消息池空了，拉取消息的服务休眠 10 秒后再试... 
[I] [2017-07-09 14:31:56] 本次总计减少传输量-52字节 
[I] [2017-07-09 14:31:56] MqRequest cost 1 ms 
[I] [2017-07-09 14:31:56] 订阅频道的消息为空！ 
[I] [2017-07-09 14:31:56] 消息池空了，拉取消息的服务休眠 15 秒后再试... 
[I] [2017-07-09 14:32:11] 本次总计减少传输量-52字节 
[I] [2017-07-09 14:32:11] MqRequest cost 1 ms 
[I] [2017-07-09 14:32:11] 订阅频道的消息为空！ 
[I] [2017-07-09 14:32:11] 消息池空了，拉取消息的服务休眠 20 秒后再试... 
[I] [2017-07-09 14:32:31] 本次总计减少传输量-52字节 
[I] [2017-07-09 14:32:31] MqRequest cost 1 ms 
[I] [2017-07-09 14:32:31] 订阅频道的消息为空！ 
[I] [2017-07-09 14:32:31] 消息池空了，拉取消息的服务休眠 25 秒后再试... 
[I] [2017-07-09 14:32:56] 本次总计减少传输量-52字节 
[I] [2017-07-09 14:32:56] MqRequest cost 1 ms 
[I] [2017-07-09 14:32:56] 订阅频道的消息为空！ 
[I] [2017-07-09 14:32:56] 消息池空了，拉取消息的服务休眠 30 秒后再试... 
[I] [2017-07-09 14:33:18] HttpServer start generating route table... 
[I] [2017-07-09 14:33:18] Adding DOCUMENT route -> /jartask --> D:\DistributedTasks 
[I] [2017-07-09 14:33:18] Routing over! 
[I] [2017-07-09 14:33:18] Server started OK at port 45555, which cost 4 ms! Please visit:  http://127.0.0.1:45555/list
 
[I] [2017-07-09 14:33:18] 构建XML界面完毕！ 
[I] [2017-07-09 14:33:18] 读取到证书信息，更新通讯秘钥... 
[I] [2017-07-09 14:33:18] 当前的通讯密码为：d1335d06d5319cd2 
[I] [2017-07-09 14:33:18] 本次总计减少传输量-52字节 
[I] [2017-07-09 14:33:18] MqRequest cost 202 ms 
[I] [2017-07-09 14:33:18] 订阅频道的消息为空！ 
[I] [2017-07-09 14:33:18] 消息池空了，拉取消息的服务休眠 15 秒后再试... 
[I] [2017-07-09 14:33:33] 本次总计减少传输量11字节 
[I] [2017-07-09 14:33:33] MqRequest cost 2 ms 
[I] [2017-07-09 14:33:33] 拉取到订阅频道【NameNode】的消息 
[I] [2017-07-09 14:33:33] 有消息收到了,开始顺序收取完全部的消息... 
[I] [2017-07-09 14:33:33] 开始收取下一条积压的消息... 
[I] [2017-07-09 14:33:33] 本次总计减少传输量-52字节 
[I] [2017-07-09 14:33:33] MqRequest cost 2 ms 
[I] [2017-07-09 14:33:33] 订阅频道的消息为空！ 
[I] [2017-07-09 14:33:33] 所有积压的消息已经全部收取完毕！ 
[I] [2017-07-09 14:33:33] 消息池空了，拉取消息的服务休眠 10 秒后再试... 
[I] [2017-07-09 14:34:16] HttpServer start generating route table... 
[I] [2017-07-09 14:34:16] Adding DOCUMENT route -> /jartask --> D:\DistributedTasks 
[I] [2017-07-09 14:34:16] Routing over! 
[I] [2017-07-09 14:34:16] Server started OK at port 45555, which cost 4 ms! Please visit:  http://127.0.0.1:45555/list
 
[I] [2017-07-09 14:34:16] 构建XML界面完毕！ 
[I] [2017-07-09 14:34:16] 读取到证书信息，更新通讯秘钥... 
[I] [2017-07-09 14:34:16] 当前的通讯密码为：d1335d06d5319cd2 
[I] [2017-07-09 14:34:16] 本次总计减少传输量-52字节 
[I] [2017-07-09 14:34:16] MqRequest cost 160 ms 
[I] [2017-07-09 14:34:16] 订阅频道的消息为空！ 
[I] [2017-07-09 14:34:16] 消息池空了，拉取消息的服务休眠 15 秒后再试... 
[I] [2017-07-09 14:35:10] HttpServer start generating route table... 
[I] [2017-07-09 14:35:10] Adding DOCUMENT route -> /jartask --> D:\DistributedTasks 
[I] [2017-07-09 14:35:10] Routing over! 
[I] [2017-07-09 14:35:10] Server started OK at port 45555, which cost 6 ms! Please visit:  http://127.0.0.1:45555/list
 
[I] [2017-07-09 14:35:10] 构建XML界面完毕！ 
[I] [2017-07-09 14:35:10] 读取到证书信息，更新通讯秘钥... 
[I] [2017-07-09 14:35:10] 当前的通讯密码为：d1335d06d5319cd2 
[I] [2017-07-09 14:35:10] 本次总计减少传输量-52字节 
[I] [2017-07-09 14:35:10] MqRequest cost 171 ms 
[I] [2017-07-09 14:35:10] 订阅频道的消息为空！ 
[I] [2017-07-09 14:35:10] 消息池空了，拉取消息的服务休眠 15 秒后再试... 
[I] [2017-07-09 14:35:25] 本次总计减少传输量11字节 
[I] [2017-07-09 14:35:25] MqRequest cost 2 ms 
[I] [2017-07-09 14:35:25] 拉取到订阅频道【NameNode】的消息 
[I] [2017-07-09 14:35:25] 有消息收到了,开始顺序收取完全部的消息... 
[I] [2017-07-09 14:35:25] 开始收取下一条积压的消息... 
[I] [2017-07-09 14:35:25] 本次总计减少传输量-52字节 
[I] [2017-07-09 14:35:25] MqRequest cost 3 ms 
[I] [2017-07-09 14:35:25] 订阅频道的消息为空！ 
[I] [2017-07-09 14:35:25] 所有积压的消息已经全部收取完毕！ 
[I] [2017-07-09 14:35:25] 消息池空了，拉取消息的服务休眠 10 秒后再试... 
[I] [2017-07-09 14:35:35] 本次总计减少传输量-52字节 
[I] [2017-07-09 14:35:35] MqRequest cost 1 ms 
[I] [2017-07-09 14:35:35] 订阅频道的消息为空！ 
[I] [2017-07-09 14:35:35] 消息池空了，拉取消息的服务休眠 15 秒后再试... 
[I] [2017-07-09 14:35:50] 本次总计减少传输量11字节 
[I] [2017-07-09 14:35:50] MqRequest cost 2 ms 
[I] [2017-07-09 14:35:50] 拉取到订阅频道【NameNode】的消息 
[I] [2017-07-09 14:35:50] 有消息收到了,开始顺序收取完全部的消息... 
[I] [2017-07-09 14:35:50] 开始收取下一条积压的消息... 
[I] [2017-07-09 14:35:50] 本次总计减少传输量-52字节 
[I] [2017-07-09 14:35:50] MqRequest cost 2 ms 
[I] [2017-07-09 14:35:50] 订阅频道的消息为空！ 
[I] [2017-07-09 14:35:50] 所有积压的消息已经全部收取完毕！ 
[I] [2017-07-09 14:35:50] 消息池空了，拉取消息的服务休眠 10 秒后再试... 
[I] [2017-07-09 14:36:00] 本次总计减少传输量443字节 
[I] [2017-07-09 14:36:00] MqRequest cost 3 ms 
[I] [2017-07-09 14:36:00] 拉取到订阅频道【NameNode】的消息 
[I] [2017-07-09 14:36:00] 有消息收到了,开始顺序收取完全部的消息... 
[I] [2017-07-09 14:36:00] 开始收取下一条积压的消息... 
[I] [2017-07-09 14:36:00] 本次总计减少传输量443字节 
[I] [2017-07-09 14:36:00] MqRequest cost 4 ms 
[I] [2017-07-09 14:36:00] 拉取到订阅频道【NameNode】的消息 
[I] [2017-07-09 14:36:00] 开始收取下一条积压的消息... 
[I] [2017-07-09 14:36:00] 本次总计减少传输量155字节 
[I] [2017-07-09 14:36:00] MqRequest cost 18 ms 
[I] [2017-07-09 14:36:00] 拉取到订阅频道【NameNode】的消息 
[I] [2017-07-09 14:36:00] 开始收取下一条积压的消息... 
[I] [2017-07-09 14:36:00] 本次总计减少传输量-52字节 
[I] [2017-07-09 14:36:00] MqRequest cost 11 ms 
[I] [2017-07-09 14:36:00] 订阅频道的消息为空！ 
[I] [2017-07-09 14:36:00] 所有积压的消息已经全部收取完毕！ 
[I] [2017-07-09 14:36:00] 消息池空了，拉取消息的服务休眠 10 秒后再试... 
[I] [2017-07-09 14:36:10] 本次总计减少传输量11字节 
[I] [2017-07-09 14:36:10] MqRequest cost 2 ms 
[I] [2017-07-09 14:36:10] 拉取到订阅频道【NameNode】的消息 
[I] [2017-07-09 14:36:10] 有消息收到了,开始顺序收取完全部的消息... 
[I] [2017-07-09 14:36:10] 开始收取下一条积压的消息... 
[I] [2017-07-09 14:36:10] 本次总计减少传输量11字节 
[I] [2017-07-09 14:36:10] MqRequest cost 4 ms 
[I] [2017-07-09 14:36:10] 拉取到订阅频道【NameNode】的消息 
[I] [2017-07-09 14:36:10] 开始收取下一条积压的消息... 
[I] [2017-07-09 14:36:10] 本次总计减少传输量-52字节 
[I] [2017-07-09 14:36:10] MqRequest cost 2 ms 
[I] [2017-07-09 14:36:10] 订阅频道的消息为空！ 
[I] [2017-07-09 14:36:10] 所有积压的消息已经全部收取完毕！ 
[I] [2017-07-09 14:36:10] 消息池空了，拉取消息的服务休眠 10 秒后再试... 
[I] [2017-07-09 14:36:20] 本次总计减少传输量-52字节 
[I] [2017-07-09 14:36:20] MqRequest cost 2 ms 
[I] [2017-07-09 14:36:20] 订阅频道的消息为空！ 
[I] [2017-07-09 14:36:20] 消息池空了，拉取消息的服务休眠 15 秒后再试... 
[I] [2017-07-09 14:36:35] 本次总计减少传输量-52字节 
[I] [2017-07-09 14:36:35] MqRequest cost 1 ms 
[I] [2017-07-09 14:36:35] 订阅频道的消息为空！ 
[I] [2017-07-09 14:36:35] 消息池空了，拉取消息的服务休眠 20 秒后再试... 
[I] [2017-07-09 14:36:47] 开始执行分布式任务【20170709143646.jar】！ 
[I] [2017-07-09 14:36:47] 本次总计减少传输量1872字节 
[I] [2017-07-09 14:36:47] MqRequest cost 2 ms 
[I] [2017-07-09 14:36:48] Receive request: GET /jartask/20170709143646.jar HTTP/1.1 
[I] [2017-07-09 14:36:49] Receive request: GET /jartask/20170709143646.jar HTTP/1.1 
[I] [2017-07-09 14:36:51] Receive request: GET /jartask/20170709143646.jar HTTP/1.1 
[I] [2017-07-09 14:36:54] Receive request: GET /jartask/20170709143646.jar HTTP/1.1 
[I] [2017-07-09 14:36:55] 本次总计减少传输量-52字节 
[I] [2017-07-09 14:36:55] MqRequest cost 1 ms 
[I] [2017-07-09 14:36:55] 订阅频道的消息为空！ 
[I] [2017-07-09 14:36:55] 消息池空了，拉取消息的服务休眠 25 秒后再试... 
[I] [2017-07-09 14:36:57] Receive request: GET /jartask/20170709143646.jar HTTP/1.1 
[I] [2017-07-09 14:36:59] Receive request: GET /jartask/20170709143646.jar HTTP/1.1 
[I] [2017-07-09 14:37:02] Receive request: GET /jartask/20170709143646.jar HTTP/1.1 
[I] [2017-07-09 14:37:20] 本次总计减少传输量-52字节 
[I] [2017-07-09 14:37:20] MqRequest cost 1 ms 
[I] [2017-07-09 14:37:20] 订阅频道的消息为空！ 
[I] [2017-07-09 14:37:20] 消息池空了，拉取消息的服务休眠 30 秒后再试... 
[I] [2017-07-09 14:37:50] 本次总计减少传输量-52字节 
[I] [2017-07-09 14:37:50] MqRequest cost 2 ms 
[I] [2017-07-09 14:37:50] 订阅频道的消息为空！ 
[I] [2017-07-09 14:37:50] 消息池空了，拉取消息的服务休眠 35 秒后再试... 
[I] [2017-07-09 14:38:25] 本次总计减少传输量-52字节 
[I] [2017-07-09 14:38:25] MqRequest cost 2 ms 
[I] [2017-07-09 14:38:25] 订阅频道的消息为空！ 
[I] [2017-07-09 14:38:25] 消息池空了，拉取消息的服务休眠 40 秒后再试... 
[I] [2017-07-09 14:39:05] 本次总计减少传输量-52字节 
[I] [2017-07-09 14:39:05] MqRequest cost 1 ms 
[I] [2017-07-09 14:39:05] 订阅频道的消息为空！ 
[I] [2017-07-09 14:39:05] 消息池空了，拉取消息的服务休眠 45 秒后再试... 
[I] [2017-07-09 14:39:50] 本次总计减少传输量-52字节 
[I] [2017-07-09 14:39:50] MqRequest cost 1 ms 
[I] [2017-07-09 14:39:50] 订阅频道的消息为空！ 
[I] [2017-07-09 14:39:50] 消息池空了，拉取消息的服务休眠 50 秒后再试... 
[I] [2017-07-09 14:40:40] 本次总计减少传输量-52字节 
[I] [2017-07-09 14:40:40] MqRequest cost 2 ms 
[I] [2017-07-09 14:40:40] 订阅频道的消息为空！ 
[I] [2017-07-09 14:40:40] 消息池空了，拉取消息的服务休眠 55 秒后再试... 
[I] [2017-07-09 14:41:35] 本次总计减少传输量-52字节 
[I] [2017-07-09 14:41:35] MqRequest cost 1 ms 
[I] [2017-07-09 14:41:35] 订阅频道的消息为空！ 
[I] [2017-07-09 14:41:35] 消息池空了，拉取消息的服务休眠 60 秒后再试... 
[I] [2017-07-09 14:42:35] 本次总计减少传输量-52字节 
[I] [2017-07-09 14:42:35] MqRequest cost 1 ms 
[I] [2017-07-09 14:42:35] 订阅频道的消息为空！ 
[I] [2017-07-09 14:42:35] 消息池空了，拉取消息的服务休眠 60 秒后再试... 
[I] [2017-07-09 14:43:35] 本次总计减少传输量-52字节 
[I] [2017-07-09 14:43:35] MqRequest cost 1 ms 
[I] [2017-07-09 14:43:35] 订阅频道的消息为空！ 
[I] [2017-07-09 14:43:35] 消息池空了，拉取消息的服务休眠 60 秒后再试... 
[I] [2017-07-09 14:44:35] 本次总计减少传输量-52字节 
[I] [2017-07-09 14:44:35] MqRequest cost 1 ms 
[I] [2017-07-09 14:44:35] 订阅频道的消息为空！ 
[I] [2017-07-09 14:44:35] 消息池空了，拉取消息的服务休眠 60 秒后再试... 
[I] [2017-07-09 14:45:35] 本次总计减少传输量-52字节 
[I] [2017-07-09 14:45:35] MqRequest cost 1 ms 
[I] [2017-07-09 14:45:35] 订阅频道的消息为空！ 
[I] [2017-07-09 14:45:35] 消息池空了，拉取消息的服务休眠 60 秒后再试... 
[I] [2017-07-09 14:46:35] 本次总计减少传输量-52字节 
[I] [2017-07-09 14:46:35] MqRequest cost 1 ms 
[I] [2017-07-09 14:46:35] 订阅频道的消息为空！ 
[I] [2017-07-09 14:46:35] 消息池空了，拉取消息的服务休眠 60 秒后再试... 
[I] [2017-07-09 14:47:35] 本次总计减少传输量-52字节 
[I] [2017-07-09 14:47:35] MqRequest cost 1 ms 
[I] [2017-07-09 14:47:35] 订阅频道的消息为空！ 
[I] [2017-07-09 14:47:35] 消息池空了，拉取消息的服务休眠 60 秒后再试... 
[I] [2017-07-09 14:48:19] HttpServer start generating route table... 
[I] [2017-07-09 14:48:19] Adding DOCUMENT route -> /jartask --> D:\DistributedTasks 
[I] [2017-07-09 14:48:19] Routing over! 
[I] [2017-07-09 14:48:19] Server started OK at port 45555, which cost 5 ms! Please visit:  http://127.0.0.1:45555/list
 
[I] [2017-07-09 14:48:19] 构建XML界面完毕！ 
[I] [2017-07-09 14:48:19] 读取到证书信息，更新通讯秘钥... 
[I] [2017-07-09 14:48:19] 当前的通讯密码为：d1335d06d5319cd2 
[I] [2017-07-09 14:48:19] 本次总计减少传输量-52字节 
[I] [2017-07-09 14:48:19] MqRequest cost 134 ms 
[I] [2017-07-09 14:48:19] 订阅频道的消息为空！ 
[I] [2017-07-09 14:48:19] 消息池空了，拉取消息的服务休眠 15 秒后再试... 
[I] [2017-07-09 14:48:34] 本次总计减少传输量155字节 
[I] [2017-07-09 14:48:34] MqRequest cost 2 ms 
[I] [2017-07-09 14:48:34] 拉取到订阅频道【NameNode】的消息 
[I] [2017-07-09 14:48:34] 有消息收到了,开始顺序收取完全部的消息... 
[I] [2017-07-09 14:48:34] 开始收取下一条积压的消息... 
[I] [2017-07-09 14:48:34] 本次总计减少传输量-52字节 
[I] [2017-07-09 14:48:34] MqRequest cost 4 ms 
[I] [2017-07-09 14:48:34] 订阅频道的消息为空！ 
[I] [2017-07-09 14:48:34] 所有积压的消息已经全部收取完毕！ 
[I] [2017-07-09 14:48:34] 消息池空了，拉取消息的服务休眠 10 秒后再试... 
[I] [2017-07-09 14:48:44] 本次总计减少传输量11字节 
[I] [2017-07-09 14:48:44] MqRequest cost 1 ms 
[I] [2017-07-09 14:48:44] 拉取到订阅频道【NameNode】的消息 
[I] [2017-07-09 14:48:44] 有消息收到了,开始顺序收取完全部的消息... 
[I] [2017-07-09 14:48:44] 开始收取下一条积压的消息... 
[I] [2017-07-09 14:48:44] 本次总计减少传输量-52字节 
[I] [2017-07-09 14:48:44] MqRequest cost 2 ms 
[I] [2017-07-09 14:48:44] 订阅频道的消息为空！ 
[I] [2017-07-09 14:48:44] 所有积压的消息已经全部收取完毕！ 
[I] [2017-07-09 14:48:44] 消息池空了，拉取消息的服务休眠 10 秒后再试... 
[I] [2017-07-09 14:48:54] 本次总计减少传输量-52字节 
[I] [2017-07-09 14:48:54] MqRequest cost 1 ms 
[I] [2017-07-09 14:48:54] 订阅频道的消息为空！ 
[I] [2017-07-09 14:48:54] 消息池空了，拉取消息的服务休眠 15 秒后再试... 
[I] [2017-07-09 14:49:09] 本次总计减少传输量-52字节 
[I] [2017-07-09 14:49:09] MqRequest cost 1 ms 
[I] [2017-07-09 14:49:09] 订阅频道的消息为空！ 
[I] [2017-07-09 14:49:09] 消息池空了，拉取消息的服务休眠 20 秒后再试... 
[I] [2017-07-09 14:49:29] 本次总计减少传输量-52字节 
[I] [2017-07-09 14:49:29] MqRequest cost 1 ms 
[I] [2017-07-09 14:49:29] 订阅频道的消息为空！ 
[I] [2017-07-09 14:49:29] 消息池空了，拉取消息的服务休眠 25 秒后再试... 
[I] [2017-07-09 14:49:41] 开始执行分布式任务【20170709144940.jar】！ 
[I] [2017-07-09 14:49:41] 本次总计减少传输量668字节 
[I] [2017-07-09 14:49:41] MqRequest cost 2 ms 
[I] [2017-07-09 14:49:54] 本次总计减少传输量-52字节 
[I] [2017-07-09 14:49:54] MqRequest cost 1 ms 
[I] [2017-07-09 14:49:54] 订阅频道的消息为空！ 
[I] [2017-07-09 14:49:54] 消息池空了，拉取消息的服务休眠 30 秒后再试... 
[I] [2017-07-09 14:49:57] Receive request: GET /jartask/20170709144940.jar HTTP/1.1 
[I] [2017-07-09 14:50:07] Receive request: GET /jartask/20170709144940.jar HTTP/1.1 
[I] [2017-07-09 14:50:24] 本次总计减少传输量137字节 
[I] [2017-07-09 14:50:24] MqRequest cost 2 ms 
[I] [2017-07-09 14:50:24] 拉取到订阅频道【NameNode】的消息 
[I] [2017-07-09 14:50:24] 有消息收到了,开始顺序收取完全部的消息... 
[I] [2017-07-09 14:50:24] 开始收取下一条积压的消息... 
[I] [2017-07-09 14:50:24] 本次总计减少传输量137字节 
[I] [2017-07-09 14:50:24] MqRequest cost 3 ms 
[I] [2017-07-09 14:50:24] 拉取到订阅频道【NameNode】的消息 
[I] [2017-07-09 14:50:24] 开始收取下一条积压的消息... 
[I] [2017-07-09 14:50:24] 本次总计减少传输量137字节 
[I] [2017-07-09 14:50:24] MqRequest cost 4 ms 
[I] [2017-07-09 14:50:24] 拉取到订阅频道【NameNode】的消息 
[I] [2017-07-09 14:50:24] 开始收取下一条积压的消息... 
[I] [2017-07-09 14:50:24] 本次总计减少传输量-52字节 
[I] [2017-07-09 14:50:24] MqRequest cost 3 ms 
[I] [2017-07-09 14:50:24] 订阅频道的消息为空！ 
[I] [2017-07-09 14:50:24] 所有积压的消息已经全部收取完毕！ 
[I] [2017-07-09 14:50:24] 消息池空了，拉取消息的服务休眠 10 秒后再试... 
[I] [2017-07-09 14:50:34] 本次总计减少传输量-52字节 
[I] [2017-07-09 14:50:34] MqRequest cost 1 ms 
[I] [2017-07-09 14:50:34] 订阅频道的消息为空！ 
[I] [2017-07-09 14:50:34] 消息池空了，拉取消息的服务休眠 15 秒后再试... 
[I] [2017-07-09 14:50:49] 本次总计减少传输量-52字节 
[I] [2017-07-09 14:50:49] MqRequest cost 1 ms 
[I] [2017-07-09 14:50:49] 订阅频道的消息为空！ 
[I] [2017-07-09 14:50:49] 消息池空了，拉取消息的服务休眠 20 秒后再试... 
[I] [2017-07-09 14:51:09] 本次总计减少传输量-52字节 
[I] [2017-07-09 14:51:09] MqRequest cost 1 ms 
[I] [2017-07-09 14:51:09] 订阅频道的消息为空！ 
[I] [2017-07-09 14:51:09] 消息池空了，拉取消息的服务休眠 25 秒后再试... 
[I] [2017-07-09 14:51:34] 本次总计减少传输量-52字节 
[I] [2017-07-09 14:51:34] MqRequest cost 1 ms 
[I] [2017-07-09 14:51:34] 订阅频道的消息为空！ 
[I] [2017-07-09 14:51:34] 消息池空了，拉取消息的服务休眠 30 秒后再试... 
[I] [2017-07-09 14:52:04] 本次总计减少传输量11字节 
[I] [2017-07-09 14:52:04] MqRequest cost 2 ms 
[I] [2017-07-09 14:52:04] 拉取到订阅频道【NameNode】的消息 
[I] [2017-07-09 14:52:04] 有消息收到了,开始顺序收取完全部的消息... 
[I] [2017-07-09 14:52:04] 开始收取下一条积压的消息... 
[I] [2017-07-09 14:52:04] 本次总计减少传输量11字节 
[I] [2017-07-09 14:52:04] MqRequest cost 2 ms 
[I] [2017-07-09 14:52:04] 拉取到订阅频道【NameNode】的消息 
[I] [2017-07-09 14:52:04] 开始收取下一条积压的消息... 
[I] [2017-07-09 14:52:04] 本次总计减少传输量11字节 
[I] [2017-07-09 14:52:04] MqRequest cost 3 ms 
[I] [2017-07-09 14:52:04] 拉取到订阅频道【NameNode】的消息 
[I] [2017-07-09 14:52:04] 开始收取下一条积压的消息... 
[I] [2017-07-09 14:52:04] 本次总计减少传输量-52字节 
[I] [2017-07-09 14:52:04] MqRequest cost 2 ms 
[I] [2017-07-09 14:52:04] 订阅频道的消息为空！ 
[I] [2017-07-09 14:52:04] 所有积压的消息已经全部收取完毕！ 
[I] [2017-07-09 14:52:04] 消息池空了，拉取消息的服务休眠 10 秒后再试... 
[I] [2017-07-09 14:52:13] 开始执行分布式任务【20170709145212.jar】！ 
[I] [2017-07-09 14:52:13] 本次总计减少传输量371字节 
[I] [2017-07-09 14:52:13] MqRequest cost 2 ms 
[I] [2017-07-09 14:52:13] 本次总计减少传输量371字节 
[I] [2017-07-09 14:52:13] MqRequest cost 1 ms 
[I] [2017-07-09 14:52:14] Receive request: GET /jartask/20170709145212.jar HTTP/1.1 
[I] [2017-07-09 14:52:14] 本次总计减少传输量-52字节 
[I] [2017-07-09 14:52:14] MqRequest cost 1 ms 
[I] [2017-07-09 14:52:14] 订阅频道的消息为空！ 
[I] [2017-07-09 14:52:14] 消息池空了，拉取消息的服务休眠 15 秒后再试... 
[I] [2017-07-09 14:52:22] Receive request: GET /jartask/20170709145212.jar HTTP/1.1 
[I] [2017-07-09 14:52:29] 本次总计减少传输量137字节 
[I] [2017-07-09 14:52:29] MqRequest cost 2 ms 
[I] [2017-07-09 14:52:29] 拉取到订阅频道【NameNode】的消息 
[I] [2017-07-09 14:52:29] 有消息收到了,开始顺序收取完全部的消息... 
[I] [2017-07-09 14:52:29] 开始收取下一条积压的消息... 
[I] [2017-07-09 14:52:29] 本次总计减少传输量137字节 
[I] [2017-07-09 14:52:29] MqRequest cost 4 ms 
[I] [2017-07-09 14:52:29] 拉取到订阅频道【NameNode】的消息 
[I] [2017-07-09 14:52:29] 开始收取下一条积压的消息... 
[I] [2017-07-09 14:52:29] 本次总计减少传输量2字节 
[I] [2017-07-09 14:52:29] MqRequest cost 3 ms 
[I] [2017-07-09 14:52:29] 拉取到订阅频道【NameNode】的消息 
[I] [2017-07-09 14:52:29] 开始收取下一条积压的消息... 
[I] [2017-07-09 14:52:29] 本次总计减少传输量-52字节 
[I] [2017-07-09 14:52:29] MqRequest cost 2 ms 
[I] [2017-07-09 14:52:29] 订阅频道的消息为空！ 
[I] [2017-07-09 14:52:29] 所有积压的消息已经全部收取完毕！ 
[I] [2017-07-09 14:52:29] 消息池空了，拉取消息的服务休眠 10 秒后再试... 
[I] [2017-07-09 14:52:39] 本次总计减少传输量-52字节 
[I] [2017-07-09 14:52:39] MqRequest cost 1 ms 
[I] [2017-07-09 14:52:39] 订阅频道的消息为空！ 
[I] [2017-07-09 14:52:39] 消息池空了，拉取消息的服务休眠 15 秒后再试... 
[I] [2017-07-09 14:53:33] HttpServer start generating route table... 
[I] [2017-07-09 14:53:33] Adding DOCUMENT route -> /jartask --> D:\DistributedTasks 
[I] [2017-07-09 14:53:33] Routing over! 
[I] [2017-07-09 14:53:33] Server started OK at port 45555, which cost 5 ms! Please visit:  http://127.0.0.1:45555/list
 
[I] [2017-07-09 14:53:33] 构建XML界面完毕！ 
[I] [2017-07-09 14:53:33] 读取到证书信息，更新通讯秘钥... 
[I] [2017-07-09 14:53:33] 当前的通讯密码为：d1335d06d5319cd2 
[I] [2017-07-09 14:53:34] 本次总计减少传输量-52字节 
[I] [2017-07-09 14:53:34] MqRequest cost 553 ms 
[I] [2017-07-09 14:53:34] 订阅频道的消息为空！ 
[I] [2017-07-09 14:53:34] 消息池空了，拉取消息的服务休眠 15 秒后再试... 
[I] [2017-07-09 14:53:49] 本次总计减少传输量11字节 
[I] [2017-07-09 14:53:49] MqRequest cost 3 ms 
[I] [2017-07-09 14:53:49] 拉取到订阅频道【NameNode】的消息 
[I] [2017-07-09 14:53:49] 有消息收到了,开始顺序收取完全部的消息... 
[I] [2017-07-09 14:53:49] 开始收取下一条积压的消息... 
[I] [2017-07-09 14:53:49] 本次总计减少传输量-52字节 
[I] [2017-07-09 14:53:49] MqRequest cost 8 ms 
[I] [2017-07-09 14:53:49] 订阅频道的消息为空！ 
[I] [2017-07-09 14:53:49] 所有积压的消息已经全部收取完毕！ 
[I] [2017-07-09 14:53:49] 消息池空了，拉取消息的服务休眠 10 秒后再试... 
[I] [2017-07-09 14:53:59] 本次总计减少传输量-52字节 
[I] [2017-07-09 14:53:59] MqRequest cost 2 ms 
[I] [2017-07-09 14:53:59] 订阅频道的消息为空！ 
[I] [2017-07-09 14:53:59] 消息池空了，拉取消息的服务休眠 15 秒后再试... 
[I] [2017-07-09 14:54:14] 本次总计减少传输量155字节 
[I] [2017-07-09 14:54:14] MqRequest cost 2 ms 
[I] [2017-07-09 14:54:14] 拉取到订阅频道【NameNode】的消息 
[I] [2017-07-09 14:54:14] 有消息收到了,开始顺序收取完全部的消息... 
[I] [2017-07-09 14:54:14] 开始收取下一条积压的消息... 
[I] [2017-07-09 14:54:14] 本次总计减少传输量-52字节 
[I] [2017-07-09 14:54:14] MqRequest cost 14 ms 
[I] [2017-07-09 14:54:14] 订阅频道的消息为空！ 
[I] [2017-07-09 14:54:14] 所有积压的消息已经全部收取完毕！ 
[I] [2017-07-09 14:54:14] 消息池空了，拉取消息的服务休眠 10 秒后再试... 
[I] [2017-07-09 14:54:24] 本次总计减少传输量11字节 
[I] [2017-07-09 14:54:24] MqRequest cost 2 ms 
[I] [2017-07-09 14:54:24] 拉取到订阅频道【NameNode】的消息 
[I] [2017-07-09 14:54:24] 有消息收到了,开始顺序收取完全部的消息... 
[I] [2017-07-09 14:54:24] 开始收取下一条积压的消息... 
[I] [2017-07-09 14:54:24] 本次总计减少传输量-52字节 
[I] [2017-07-09 14:54:24] MqRequest cost 12 ms 
[I] [2017-07-09 14:54:24] 订阅频道的消息为空！ 
[I] [2017-07-09 14:54:24] 所有积压的消息已经全部收取完毕！ 
[I] [2017-07-09 14:54:24] 消息池空了，拉取消息的服务休眠 10 秒后再试... 
[I] [2017-07-09 14:54:34] 本次总计减少传输量11字节 
[I] [2017-07-09 14:54:34] MqRequest cost 2 ms 
[I] [2017-07-09 14:54:34] 拉取到订阅频道【NameNode】的消息 
[I] [2017-07-09 14:54:34] 有消息收到了,开始顺序收取完全部的消息... 
[I] [2017-07-09 14:54:34] 开始收取下一条积压的消息... 
[I] [2017-07-09 14:54:34] 本次总计减少传输量-52字节 
[I] [2017-07-09 14:54:34] MqRequest cost 12 ms 
[I] [2017-07-09 14:54:34] 订阅频道的消息为空！ 
[I] [2017-07-09 14:54:34] 所有积压的消息已经全部收取完毕！ 
[I] [2017-07-09 14:54:34] 消息池空了，拉取消息的服务休眠 10 秒后再试... 
[I] [2017-07-09 14:54:44] 本次总计减少传输量-52字节 
[I] [2017-07-09 14:54:44] MqRequest cost 2 ms 
[I] [2017-07-09 14:54:44] 订阅频道的消息为空！ 
[I] [2017-07-09 14:54:44] 消息池空了，拉取消息的服务休眠 15 秒后再试... 
[I] [2017-07-09 14:54:50] 开始执行分布式任务【20170709145449.jar】！ 
[I] [2017-07-09 14:54:50] 本次总计减少传输量1262字节 
[I] [2017-07-09 14:54:50] MqRequest cost 3 ms 
[I] [2017-07-09 14:54:56] Receive request: GET /jartask/20170709145449.jar HTTP/1.1 
[I] [2017-07-09 14:54:59] 本次总计减少传输量2字节 
[I] [2017-07-09 14:54:59] MqRequest cost 2 ms 
[I] [2017-07-09 14:54:59] 拉取到订阅频道【NameNode】的消息 
[I] [2017-07-09 14:54:59] 有消息收到了,开始顺序收取完全部的消息... 
[I] [2017-07-09 14:54:59] 开始收取下一条积压的消息... 
[I] [2017-07-09 14:54:59] 本次总计减少传输量-52字节 
[I] [2017-07-09 14:54:59] MqRequest cost 4 ms 
[I] [2017-07-09 14:54:59] 订阅频道的消息为空！ 
[I] [2017-07-09 14:54:59] 所有积压的消息已经全部收取完毕！ 
[I] [2017-07-09 14:54:59] 消息池空了，拉取消息的服务休眠 10 秒后再试... 
[I] [2017-07-09 14:55:02] Receive request: GET /jartask/20170709145449.jar HTTP/1.1 
[I] [2017-07-09 14:55:04] Receive request: GET /jartask/20170709145449.jar HTTP/1.1 
[I] [2017-07-09 14:55:09] 本次总计减少传输量2字节 
[I] [2017-07-09 14:55:09] MqRequest cost 2 ms 
[I] [2017-07-09 14:55:09] 拉取到订阅频道【NameNode】的消息 
[I] [2017-07-09 14:55:09] 有消息收到了,开始顺序收取完全部的消息... 
[I] [2017-07-09 14:55:09] 开始收取下一条积压的消息... 
[I] [2017-07-09 14:55:09] 本次总计减少传输量-52字节 
[I] [2017-07-09 14:55:09] MqRequest cost 4 ms 
[I] [2017-07-09 14:55:09] 订阅频道的消息为空！ 
[I] [2017-07-09 14:55:09] 所有积压的消息已经全部收取完毕！ 
[I] [2017-07-09 14:55:09] 消息池空了，拉取消息的服务休眠 10 秒后再试... 
[I] [2017-07-09 14:55:11] Receive request: GET /jartask/20170709145449.jar HTTP/1.1 
[I] [2017-07-09 14:55:18] Receive request: GET /jartask/20170709145449.jar HTTP/1.1 
[I] [2017-07-09 14:55:19] 本次总计减少传输量2字节 
[I] [2017-07-09 14:55:19] MqRequest cost 2 ms 
[I] [2017-07-09 14:55:19] 拉取到订阅频道【NameNode】的消息 
[I] [2017-07-09 14:55:19] 有消息收到了,开始顺序收取完全部的消息... 
[I] [2017-07-09 14:55:19] 开始收取下一条积压的消息... 
[I] [2017-07-09 14:55:19] 本次总计减少传输量-52字节 
[I] [2017-07-09 14:55:19] MqRequest cost 4 ms 
[I] [2017-07-09 14:55:19] 订阅频道的消息为空！ 
[I] [2017-07-09 14:55:19] 所有积压的消息已经全部收取完毕！ 
[I] [2017-07-09 14:55:19] 消息池空了，拉取消息的服务休眠 10 秒后再试... 
[I] [2017-07-09 14:55:29] 本次总计减少传输量2字节 
[I] [2017-07-09 14:55:29] MqRequest cost 2 ms 
[I] [2017-07-09 14:55:29] 拉取到订阅频道【NameNode】的消息 
[I] [2017-07-09 14:55:29] 有消息收到了,开始顺序收取完全部的消息... 
[I] [2017-07-09 14:55:29] 开始收取下一条积压的消息... 
[I] [2017-07-09 14:55:29] 本次总计减少传输量-52字节 
[I] [2017-07-09 14:55:29] MqRequest cost 8 ms 
[I] [2017-07-09 14:55:29] 订阅频道的消息为空！ 
[I] [2017-07-09 14:55:29] 所有积压的消息已经全部收取完毕！ 
[I] [2017-07-09 14:55:29] 消息池空了，拉取消息的服务休眠 10 秒后再试... 
[I] [2017-07-09 14:55:39] 本次总计减少传输量-52字节 
[I] [2017-07-09 14:55:39] MqRequest cost 2 ms 
[I] [2017-07-09 14:55:39] 订阅频道的消息为空！ 
[I] [2017-07-09 14:55:39] 消息池空了，拉取消息的服务休眠 15 秒后再试... 
[I] [2017-07-09 14:55:54] 本次总计减少传输量-52字节 
[I] [2017-07-09 14:55:54] MqRequest cost 2 ms 
[I] [2017-07-09 14:55:54] 订阅频道的消息为空！ 
[I] [2017-07-09 14:55:54] 消息池空了，拉取消息的服务休眠 20 秒后再试... 
[I] [2017-07-09 14:56:14] 本次总计减少传输量-52字节 
[I] [2017-07-09 14:56:14] MqRequest cost 2 ms 
[I] [2017-07-09 14:56:14] 订阅频道的消息为空！ 
[I] [2017-07-09 14:56:14] 消息池空了，拉取消息的服务休眠 25 秒后再试... 
[I] [2017-07-09 14:56:39] 本次总计减少传输量-52字节 
[I] [2017-07-09 14:56:39] MqRequest cost 2 ms 
[I] [2017-07-09 14:56:39] 订阅频道的消息为空！ 
[I] [2017-07-09 14:56:39] 消息池空了，拉取消息的服务休眠 30 秒后再试... 
[I] [2017-07-09 14:57:09] 本次总计减少传输量-52字节 
[I] [2017-07-09 14:57:09] MqRequest cost 2 ms 
[I] [2017-07-09 14:57:09] 订阅频道的消息为空！ 
[I] [2017-07-09 14:57:09] 消息池空了，拉取消息的服务休眠 35 秒后再试... 
[I] [2017-07-09 14:58:05] HttpServer start generating route table... 
[I] [2017-07-09 14:58:05] Adding DOCUMENT route -> /jartask --> D:\DistributedTasks 
[I] [2017-07-09 14:58:05] Routing over! 
[I] [2017-07-09 14:58:05] Server started OK at port 45555, which cost 4 ms! Please visit:  http://127.0.0.1:45555/list
 
[I] [2017-07-09 14:58:05] 构建XML界面完毕！ 
[I] [2017-07-09 14:58:05] 读取到证书信息，更新通讯秘钥... 
[I] [2017-07-09 14:58:05] 当前的通讯密码为：d1335d06d5319cd2 
[I] [2017-07-09 14:58:06] 本次总计减少传输量-52字节 
[I] [2017-07-09 14:58:06] MqRequest cost 1111 ms 
[I] [2017-07-09 14:58:06] 订阅频道的消息为空！ 
[I] [2017-07-09 14:58:06] 消息池空了，拉取消息的服务休眠 15 秒后再试... 
[I] [2017-07-09 14:58:21] 本次总计减少传输量11字节 
[I] [2017-07-09 14:58:22] MqRequest cost 3 ms 
[I] [2017-07-09 14:58:22] 拉取到订阅频道【NameNode】的消息 
[I] [2017-07-09 14:58:22] 有消息收到了,开始顺序收取完全部的消息... 
[I] [2017-07-09 14:58:22] 开始收取下一条积压的消息... 
[I] [2017-07-09 14:58:22] 本次总计减少传输量-52字节 
[I] [2017-07-09 14:58:22] MqRequest cost 5 ms 
[I] [2017-07-09 14:58:22] 订阅频道的消息为空！ 
[I] [2017-07-09 14:58:22] 所有积压的消息已经全部收取完毕！ 
[I] [2017-07-09 14:58:22] 消息池空了，拉取消息的服务休眠 10 秒后再试... 
[I] [2017-07-09 14:58:32] 本次总计减少传输量-52字节 
[I] [2017-07-09 14:58:32] MqRequest cost 2 ms 
[I] [2017-07-09 14:58:32] 订阅频道的消息为空！ 
[I] [2017-07-09 14:58:32] 消息池空了，拉取消息的服务休眠 15 秒后再试... 
[I] [2017-07-09 14:58:37] 开始执行分布式任务【20170709145836.jar】！ 
[I] [2017-07-09 14:58:37] 本次总计减少传输量3字节 
[I] [2017-07-09 14:58:37] MqRequest cost 2 ms 
[I] [2017-07-09 14:58:47] 本次总计减少传输量-52字节 
[I] [2017-07-09 14:58:47] MqRequest cost 2 ms 
[I] [2017-07-09 14:58:47] 订阅频道的消息为空！ 
[I] [2017-07-09 14:58:47] 消息池空了，拉取消息的服务休眠 20 秒后再试... 
[I] [2017-07-09 14:58:47] Receive request: GET /jartask/20170709145836.jar HTTP/1.1 
[I] [2017-07-09 14:59:07] 本次总计减少传输量-52字节 
[I] [2017-07-09 14:59:07] MqRequest cost 2 ms 
[I] [2017-07-09 14:59:07] 订阅频道的消息为空！ 
[I] [2017-07-09 14:59:07] 消息池空了，拉取消息的服务休眠 25 秒后再试... 
[I] [2017-07-09 14:59:32] 本次总计减少传输量-52字节 
[I] [2017-07-09 14:59:32] MqRequest cost 2 ms 
[I] [2017-07-09 14:59:32] 订阅频道的消息为空！ 
[I] [2017-07-09 14:59:32] 消息池空了，拉取消息的服务休眠 30 秒后再试... 
[I] [2017-07-09 15:00:02] 本次总计减少传输量-52字节 
[I] [2017-07-09 15:00:02] MqRequest cost 2 ms 
[I] [2017-07-09 15:00:02] 订阅频道的消息为空！ 
[I] [2017-07-09 15:00:02] 消息池空了，拉取消息的服务休眠 35 秒后再试... 
[I] [2017-07-09 15:00:37] 本次总计减少传输量-52字节 
[I] [2017-07-09 15:00:37] MqRequest cost 2 ms 
[I] [2017-07-09 15:00:37] 订阅频道的消息为空！ 
[I] [2017-07-09 15:00:37] 消息池空了，拉取消息的服务休眠 40 秒后再试... 
[I] [2017-07-09 15:01:17] 本次总计减少传输量-52字节 
[I] [2017-07-09 15:01:17] MqRequest cost 2 ms 
[I] [2017-07-09 15:01:17] 订阅频道的消息为空！ 
[I] [2017-07-09 15:01:17] 消息池空了，拉取消息的服务休眠 45 秒后再试... 
[I] [2017-07-09 15:02:02] 本次总计减少传输量-52字节 
[I] [2017-07-09 15:02:02] MqRequest cost 2 ms 
[I] [2017-07-09 15:02:02] 订阅频道的消息为空！ 
[I] [2017-07-09 15:02:02] 消息池空了，拉取消息的服务休眠 50 秒后再试... 
[I] [2017-07-09 15:03:35] HttpServer start generating route table... 
[I] [2017-07-09 15:03:35] Adding DOCUMENT route -> /jartask --> D:\DistributedTasks 
[I] [2017-07-09 15:03:35] Routing over! 
[I] [2017-07-09 15:03:35] Server started OK at port 45555, which cost 5 ms! Please visit:  http://127.0.0.1:45555/list
 
[I] [2017-07-09 15:03:35] 构建XML界面完毕！ 
[I] [2017-07-09 15:03:35] 读取到证书信息，更新通讯秘钥... 
[I] [2017-07-09 15:03:35] 当前的通讯密码为：d1335d06d5319cd2 
[I] [2017-07-09 15:03:35] 本次总计减少传输量-52字节 
[I] [2017-07-09 15:03:35] MqRequest cost 134 ms 
[I] [2017-07-09 15:03:35] 订阅频道的消息为空！ 
[I] [2017-07-09 15:03:35] 消息池空了，拉取消息的服务休眠 15 秒后再试... 
[I] [2017-07-09 15:03:50] 本次总计减少传输量11字节 
[I] [2017-07-09 15:03:50] MqRequest cost 2 ms 
[I] [2017-07-09 15:03:50] 拉取到订阅频道【NameNode】的消息 
[I] [2017-07-09 15:03:50] 有消息收到了,开始顺序收取完全部的消息... 
[I] [2017-07-09 15:03:50] 开始收取下一条积压的消息... 
[I] [2017-07-09 15:03:50] 本次总计减少传输量-52字节 
[I] [2017-07-09 15:03:50] MqRequest cost 3 ms 
[I] [2017-07-09 15:03:50] 订阅频道的消息为空！ 
[I] [2017-07-09 15:03:50] 所有积压的消息已经全部收取完毕！ 
[I] [2017-07-09 15:03:50] 消息池空了，拉取消息的服务休眠 10 秒后再试... 
[I] [2017-07-09 15:03:55] 开始执行分布式任务【20170709150354.jar】！ 
[I] [2017-07-09 15:03:55] 本次总计减少传输量3字节 
[I] [2017-07-09 15:03:55] MqRequest cost 2 ms 
[I] [2017-07-09 15:03:59] Receive request: GET /jartask/20170709150354.jar HTTP/1.1 
[I] [2017-07-09 15:04:00] 本次总计减少传输量2字节 
[I] [2017-07-09 15:04:00] MqRequest cost 2 ms 
[I] [2017-07-09 15:04:00] 拉取到订阅频道【NameNode】的消息 
[I] [2017-07-09 15:04:00] 有消息收到了,开始顺序收取完全部的消息... 
[I] [2017-07-09 15:04:00] 开始收取下一条积压的消息... 
[I] [2017-07-09 15:04:00] 本次总计减少传输量-52字节 
[I] [2017-07-09 15:04:00] MqRequest cost 6 ms 
[I] [2017-07-09 15:04:00] 订阅频道的消息为空！ 
[I] [2017-07-09 15:04:00] 所有积压的消息已经全部收取完毕！ 
[I] [2017-07-09 15:04:00] 消息池空了，拉取消息的服务休眠 10 秒后再试... 
[I] [2017-07-09 15:04:01] 分布式任务【20170709150354.jar】计算完毕！ 
[I] [2017-07-09 15:04:10] 本次总计减少传输量-52字节 
[I] [2017-07-09 15:04:10] MqRequest cost 2 ms 
[I] [2017-07-09 15:04:10] 订阅频道的消息为空！ 
[I] [2017-07-09 15:04:10] 消息池空了，拉取消息的服务休眠 15 秒后再试... 
[I] [2017-07-09 15:04:25] 本次总计减少传输量-52字节 
[I] [2017-07-09 15:04:25] MqRequest cost 2 ms 
[I] [2017-07-09 15:04:25] 订阅频道的消息为空！ 
[I] [2017-07-09 15:04:25] 消息池空了，拉取消息的服务休眠 20 秒后再试... 
[I] [2017-07-09 15:04:45] 本次总计减少传输量-52字节 
[I] [2017-07-09 15:04:45] MqRequest cost 2 ms 
[I] [2017-07-09 15:04:45] 订阅频道的消息为空！ 
[I] [2017-07-09 15:04:45] 消息池空了，拉取消息的服务休眠 25 秒后再试... 
[I] [2017-07-09 15:05:47] HttpServer start generating route table... 
[I] [2017-07-09 15:05:47] Adding DOCUMENT route -> /jartask --> D:\DistributedTasks 
[I] [2017-07-09 15:05:47] Routing over! 
[I] [2017-07-09 15:05:47] Server started OK at port 45555, which cost 6 ms! Please visit:  http://127.0.0.1:45555/list
 
[I] [2017-07-09 15:05:47] 构建XML界面完毕！ 
[I] [2017-07-09 15:05:47] 读取到证书信息，更新通讯秘钥... 
[I] [2017-07-09 15:05:47] 当前的通讯密码为：d1335d06d5319cd2 
[I] [2017-07-09 15:05:47] 本次总计减少传输量-52字节 
[I] [2017-07-09 15:05:47] MqRequest cost 163 ms 
[I] [2017-07-09 15:05:47] 订阅频道的消息为空！ 
[I] [2017-07-09 15:05:47] 消息池空了，拉取消息的服务休眠 15 秒后再试... 
[I] [2017-07-09 15:06:02] 本次总计减少传输量11字节 
[I] [2017-07-09 15:06:02] MqRequest cost 2 ms 
[I] [2017-07-09 15:06:02] 拉取到订阅频道【NameNode】的消息 
[I] [2017-07-09 15:06:02] 有消息收到了,开始顺序收取完全部的消息... 
[I] [2017-07-09 15:06:02] 开始收取下一条积压的消息... 
[I] [2017-07-09 15:06:02] 本次总计减少传输量-52字节 
[I] [2017-07-09 15:06:02] MqRequest cost 3 ms 
[I] [2017-07-09 15:06:02] 订阅频道的消息为空！ 
[I] [2017-07-09 15:06:02] 所有积压的消息已经全部收取完毕！ 
[I] [2017-07-09 15:06:02] 消息池空了，拉取消息的服务休眠 10 秒后再试... 
[I] [2017-07-09 15:06:06] 开始执行分布式任务【20170709150605.jar】！ 
[I] [2017-07-09 15:06:07] 本次总计减少传输量3字节 
[I] [2017-07-09 15:06:07] MqRequest cost 2 ms 
[I] [2017-07-09 15:06:08] Receive request: GET /jartask/20170709150605.jar HTTP/1.1 
[I] [2017-07-09 15:06:12] 本次总计减少传输量2字节 
[I] [2017-07-09 15:06:12] MqRequest cost 2 ms 
[I] [2017-07-09 15:06:12] 拉取到订阅频道【NameNode】的消息 
[I] [2017-07-09 15:06:12] 有消息收到了,开始顺序收取完全部的消息... 
[I] [2017-07-09 15:06:12] 开始收取下一条积压的消息... 
[I] [2017-07-09 15:06:12] 本次总计减少传输量-52字节 
[I] [2017-07-09 15:06:12] MqRequest cost 8 ms 
[I] [2017-07-09 15:06:12] 订阅频道的消息为空！ 
[I] [2017-07-09 15:06:12] 所有积压的消息已经全部收取完毕！ 
[I] [2017-07-09 15:06:12] 消息池空了，拉取消息的服务休眠 10 秒后再试... 
[I] [2017-07-09 15:06:12] 分布式任务【20170709150605.jar】计算完毕！ 
[I] [2017-07-09 15:06:22] 本次总计减少传输量-52字节 
[I] [2017-07-09 15:06:22] MqRequest cost 2 ms 
[I] [2017-07-09 15:06:22] 订阅频道的消息为空！ 
[I] [2017-07-09 15:06:22] 消息池空了，拉取消息的服务休眠 15 秒后再试... 
[I] [2017-07-09 15:06:37] 本次总计减少传输量-52字节 
[I] [2017-07-09 15:06:37] MqRequest cost 2 ms 
[I] [2017-07-09 15:06:37] 订阅频道的消息为空！ 
[I] [2017-07-09 15:06:37] 消息池空了，拉取消息的服务休眠 20 秒后再试... 
[I] [2017-07-09 15:07:09] HttpServer start generating route table... 
[I] [2017-07-09 15:07:09] Adding DOCUMENT route -> /jartask --> D:\DistributedTasks 
[I] [2017-07-09 15:07:09] Routing over! 
[I] [2017-07-09 15:07:09] Server started OK at port 45555, which cost 4 ms! Please visit:  http://127.0.0.1:45555/list
 
[I] [2017-07-09 15:07:09] 构建XML界面完毕！ 
[I] [2017-07-09 15:07:09] 读取到证书信息，更新通讯秘钥... 
[I] [2017-07-09 15:07:09] 当前的通讯密码为：d1335d06d5319cd2 
[I] [2017-07-09 15:07:10] 本次总计减少传输量-52字节 
[I] [2017-07-09 15:07:10] MqRequest cost 156 ms 
[I] [2017-07-09 15:07:10] 订阅频道的消息为空！ 
[I] [2017-07-09 15:07:10] 消息池空了，拉取消息的服务休眠 15 秒后再试... 
[I] [2017-07-09 15:07:25] 本次总计减少传输量11字节 
[I] [2017-07-09 15:07:25] MqRequest cost 2 ms 
[I] [2017-07-09 15:07:25] 拉取到订阅频道【NameNode】的消息 
[I] [2017-07-09 15:07:25] 有消息收到了,开始顺序收取完全部的消息... 
[I] [2017-07-09 15:07:25] 开始收取下一条积压的消息... 
[I] [2017-07-09 15:07:25] 本次总计减少传输量-52字节 
[I] [2017-07-09 15:07:25] MqRequest cost 7 ms 
[I] [2017-07-09 15:07:25] 订阅频道的消息为空！ 
[I] [2017-07-09 15:07:25] 所有积压的消息已经全部收取完毕！ 
[I] [2017-07-09 15:07:25] 消息池空了，拉取消息的服务休眠 10 秒后再试... 
[I] [2017-07-09 15:07:28] 开始执行分布式任务【20170709150727.jar】！ 
[I] [2017-07-09 15:07:28] 本次总计减少传输量3字节 
[I] [2017-07-09 15:07:28] MqRequest cost 2 ms 
[I] [2017-07-09 15:07:30] Receive request: GET /jartask/20170709150727.jar HTTP/1.1 
[I] [2017-07-09 15:07:35] 本次总计减少传输量2字节 
[I] [2017-07-09 15:07:35] MqRequest cost 2 ms 
[I] [2017-07-09 15:07:35] 拉取到订阅频道【NameNode】的消息 
[I] [2017-07-09 15:07:35] 有消息收到了,开始顺序收取完全部的消息... 
[I] [2017-07-09 15:07:35] 开始收取下一条积压的消息... 
[I] [2017-07-09 15:07:35] 本次总计减少传输量-52字节 
[I] [2017-07-09 15:07:35] MqRequest cost 7 ms 
[I] [2017-07-09 15:07:35] 订阅频道的消息为空！ 
[I] [2017-07-09 15:07:35] 所有积压的消息已经全部收取完毕！ 
[I] [2017-07-09 15:07:35] 消息池空了，拉取消息的服务休眠 10 秒后再试... 
[I] [2017-07-09 15:07:35] 分布式任务【20170709150727.jar】计算完毕！ 
[I] [2017-07-09 15:09:19] HttpServer start generating route table... 
[I] [2017-07-09 15:09:19] Adding DOCUMENT route -> /jartask --> D:\DistributedTasks 
[I] [2017-07-09 15:09:19] Routing over! 
[I] [2017-07-09 15:09:19] Server started OK at port 45555, which cost 5 ms! Please visit:  http://127.0.0.1:45555/list
 
[I] [2017-07-09 15:09:19] 构建XML界面完毕！ 
[I] [2017-07-09 15:09:19] 读取到证书信息，更新通讯秘钥... 
[I] [2017-07-09 15:09:19] 当前的通讯密码为：d1335d06d5319cd2 
[I] [2017-07-09 15:09:19] 本次总计减少传输量-52字节 
[I] [2017-07-09 15:09:19] MqRequest cost 162 ms 
[I] [2017-07-09 15:09:19] 订阅频道的消息为空！ 
[I] [2017-07-09 15:09:19] 消息池空了，拉取消息的服务休眠 15 秒后再试... 
[I] [2017-07-09 15:09:34] 本次总计减少传输量11字节 
[I] [2017-07-09 15:09:34] MqRequest cost 2 ms 
[I] [2017-07-09 15:09:34] 拉取到订阅频道【NameNode】的消息 
[I] [2017-07-09 15:09:34] 有消息收到了,开始顺序收取完全部的消息... 
[I] [2017-07-09 15:09:34] 开始收取下一条积压的消息... 
[I] [2017-07-09 15:09:34] 本次总计减少传输量-52字节 
[I] [2017-07-09 15:09:34] MqRequest cost 10 ms 
[I] [2017-07-09 15:09:34] 订阅频道的消息为空！ 
[I] [2017-07-09 15:09:34] 所有积压的消息已经全部收取完毕！ 
[I] [2017-07-09 15:09:34] 消息池空了，拉取消息的服务休眠 10 秒后再试... 
[I] [2017-07-09 15:09:39] 开始执行分布式任务【20170709150938.jar】！ 
[I] [2017-07-09 15:09:39] 本次总计减少传输量3字节 
[I] [2017-07-09 15:09:39] MqRequest cost 2 ms 
[I] [2017-07-09 15:09:41] Receive request: GET /jartask/20170709150938.jar HTTP/1.1 
[I] [2017-07-09 15:09:44] 本次总计减少传输量2字节 
[I] [2017-07-09 15:09:44] MqRequest cost 2 ms 
[I] [2017-07-09 15:09:44] 拉取到订阅频道【NameNode】的消息 
[I] [2017-07-09 15:09:44] 有消息收到了,开始顺序收取完全部的消息... 
[I] [2017-07-09 15:09:44] 开始收取下一条积压的消息... 
[I] [2017-07-09 15:09:44] 本次总计减少传输量-52字节 
[I] [2017-07-09 15:09:44] MqRequest cost 6 ms 
[I] [2017-07-09 15:09:44] 订阅频道的消息为空！ 
[I] [2017-07-09 15:09:44] 所有积压的消息已经全部收取完毕！ 
[I] [2017-07-09 15:09:44] 消息池空了，拉取消息的服务休眠 10 秒后再试... 
[I] [2017-07-09 15:09:45] 分布式任务【20170709150938.jar】计算完毕！ 
[I] [2017-07-09 15:09:54] 本次总计减少传输量-52字节 
[I] [2017-07-09 15:09:54] MqRequest cost 2 ms 
[I] [2017-07-09 15:09:54] 订阅频道的消息为空！ 
[I] [2017-07-09 15:09:54] 消息池空了，拉取消息的服务休眠 15 秒后再试... 
[I] [2017-07-09 15:10:09] 本次总计减少传输量-52字节 
[I] [2017-07-09 15:10:09] MqRequest cost 2 ms 
[I] [2017-07-09 15:10:09] 订阅频道的消息为空！ 
[I] [2017-07-09 15:10:09] 消息池空了，拉取消息的服务休眠 20 秒后再试... 
[I] [2017-07-09 15:10:29] 本次总计减少传输量-52字节 
[I] [2017-07-09 15:10:29] MqRequest cost 2 ms 
[I] [2017-07-09 15:10:29] 订阅频道的消息为空！ 
[I] [2017-07-09 15:10:29] 消息池空了，拉取消息的服务休眠 25 秒后再试... 
[I] [2017-07-09 15:10:31] 开始执行分布式任务【20170709151030.jar】！ 
[I] [2017-07-09 15:10:31] 分布式任务【20170709151030.jar】计算完毕！ 
[I] [2017-07-09 15:10:31] 本次总计减少传输量3字节 
[I] [2017-07-09 15:10:31] MqRequest cost 3 ms 
[I] [2017-07-09 15:11:02] HttpServer start generating route table... 
[I] [2017-07-09 15:11:02] Adding DOCUMENT route -> /jartask --> D:\DistributedTasks 
[I] [2017-07-09 15:11:02] Routing over! 
[I] [2017-07-09 15:11:02] Server started OK at port 45555, which cost 7 ms! Please visit:  http://127.0.0.1:45555/list
 
[I] [2017-07-09 15:11:02] 构建XML界面完毕！ 
[I] [2017-07-09 15:11:02] 读取到证书信息，更新通讯秘钥... 
[I] [2017-07-09 15:11:02] 当前的通讯密码为：d1335d06d5319cd2 
[I] [2017-07-09 15:11:02] 本次总计减少传输量-52字节 
[I] [2017-07-09 15:11:02] MqRequest cost 167 ms 
[I] [2017-07-09 15:11:02] 订阅频道的消息为空！ 
[I] [2017-07-09 15:11:02] 消息池空了，拉取消息的服务休眠 15 秒后再试... 
[I] [2017-07-09 15:11:11] 开始执行分布式任务【20170709151110.jar】！ 
[I] [2017-07-09 15:11:11] 分布式任务【20170709151110.jar】计算完毕！ 
[I] [2017-07-09 15:11:17] 本次总计减少传输量11字节 
[I] [2017-07-09 15:11:17] MqRequest cost 2 ms 
[I] [2017-07-09 15:11:17] 拉取到订阅频道【NameNode】的消息 
[I] [2017-07-09 15:11:17] 有消息收到了,开始顺序收取完全部的消息... 
[I] [2017-07-09 15:11:17] 开始收取下一条积压的消息... 
[I] [2017-07-09 15:11:17] 本次总计减少传输量-52字节 
[I] [2017-07-09 15:11:17] MqRequest cost 4 ms 
[I] [2017-07-09 15:11:17] 订阅频道的消息为空！ 
[I] [2017-07-09 15:11:17] 所有积压的消息已经全部收取完毕！ 
[I] [2017-07-09 15:11:17] 消息池空了，拉取消息的服务休眠 10 秒后再试... 
[I] [2017-07-09 15:11:27] 本次总计减少传输量-52字节 
[I] [2017-07-09 15:11:27] MqRequest cost 2 ms 
[I] [2017-07-09 15:11:27] 订阅频道的消息为空！ 
[I] [2017-07-09 15:11:27] 消息池空了，拉取消息的服务休眠 15 秒后再试... 
[I] [2017-07-09 15:11:29] 开始执行分布式任务【20170709151129.jar】！ 
[I] [2017-07-09 15:11:30] 本次总计减少传输量3字节 
[I] [2017-07-09 15:11:30] MqRequest cost 2 ms 
[I] [2017-07-09 15:11:42] Receive request: GET /jartask/20170709151129.jar HTTP/1.1 
[I] [2017-07-09 15:11:42] 本次总计减少传输量-52字节 
[I] [2017-07-09 15:11:42] MqRequest cost 2 ms 
[I] [2017-07-09 15:11:42] 订阅频道的消息为空！ 
[I] [2017-07-09 15:11:42] 消息池空了，拉取消息的服务休眠 20 秒后再试... 
[I] [2017-07-09 15:12:02] 本次总计减少传输量2字节 
[I] [2017-07-09 15:12:02] MqRequest cost 2 ms 
[I] [2017-07-09 15:12:02] 拉取到订阅频道【NameNode】的消息 
[I] [2017-07-09 15:12:02] 有消息收到了,开始顺序收取完全部的消息... 
[I] [2017-07-09 15:12:02] 开始收取下一条积压的消息... 
[I] [2017-07-09 15:12:02] 本次总计减少传输量-52字节 
[I] [2017-07-09 15:12:02] MqRequest cost 14 ms 
[I] [2017-07-09 15:12:02] 订阅频道的消息为空！ 
[I] [2017-07-09 15:12:02] 所有积压的消息已经全部收取完毕！ 
[I] [2017-07-09 15:12:02] 消息池空了，拉取消息的服务休眠 10 秒后再试... 
[I] [2017-07-09 15:12:02] 分布式任务【20170709151129.jar】计算完毕！ 
[I] [2017-07-09 15:12:12] 本次总计减少传输量-52字节 
[I] [2017-07-09 15:12:12] MqRequest cost 2 ms 
[I] [2017-07-09 15:12:12] 订阅频道的消息为空！ 
[I] [2017-07-09 15:12:12] 消息池空了，拉取消息的服务休眠 15 秒后再试... 
[I] [2017-07-09 15:12:20] 开始执行分布式任务【20170709151219.jar】！ 
[I] [2017-07-09 15:12:20] 分布式任务【20170709151219.jar】计算完毕！ 
[I] [2017-07-09 15:12:20] 本次总计减少传输量3字节 
[I] [2017-07-09 15:12:20] MqRequest cost 2 ms 
[I] [2017-07-09 15:12:27] 本次总计减少传输量-52字节 
[I] [2017-07-09 15:12:27] MqRequest cost 1 ms 
[I] [2017-07-09 15:12:27] 订阅频道的消息为空！ 
[I] [2017-07-09 15:12:27] 消息池空了，拉取消息的服务休眠 20 秒后再试... 
[I] [2017-07-09 15:12:28] Receive request: GET /jartask/20170709151219.jar HTTP/1.1 
[I] [2017-07-09 15:12:47] 本次总计减少传输量2字节 
[I] [2017-07-09 15:12:47] MqRequest cost 2 ms 
[I] [2017-07-09 15:12:47] 拉取到订阅频道【NameNode】的消息 
[I] [2017-07-09 15:12:47] 有消息收到了,开始顺序收取完全部的消息... 
[I] [2017-07-09 15:12:47] 开始收取下一条积压的消息... 
[I] [2017-07-09 15:12:47] 本次总计减少传输量-52字节 
[I] [2017-07-09 15:12:47] MqRequest cost 3 ms 
[I] [2017-07-09 15:12:47] 订阅频道的消息为空！ 
[I] [2017-07-09 15:12:47] 所有积压的消息已经全部收取完毕！ 
[I] [2017-07-09 15:12:47] 消息池空了，拉取消息的服务休眠 10 秒后再试... 
[I] [2017-07-09 15:12:57] 本次总计减少传输量-52字节 
[I] [2017-07-09 15:12:57] MqRequest cost 1 ms 
[I] [2017-07-09 15:12:57] 订阅频道的消息为空！ 
[I] [2017-07-09 15:12:57] 消息池空了，拉取消息的服务休眠 15 秒后再试... 
[I] [2017-07-09 15:13:12] 本次总计减少传输量-52字节 
[I] [2017-07-09 15:13:12] MqRequest cost 2 ms 
[I] [2017-07-09 15:13:12] 订阅频道的消息为空！ 
[I] [2017-07-09 15:13:12] 消息池空了，拉取消息的服务休眠 20 秒后再试... 
[I] [2017-07-09 15:13:14] 开始执行分布式任务【20170709151313.jar】！ 
[I] [2017-07-09 15:13:14] 分布式任务【20170709151313.jar】计算完毕！ 
[I] [2017-07-09 15:13:14] 本次总计减少传输量3字节 
[I] [2017-07-09 15:13:14] MqRequest cost 1 ms 
[I] [2017-07-09 15:13:14] Receive request: GET /jartask/20170709151313.jar HTTP/1.1 
[I] [2017-07-09 15:13:32] 本次总计减少传输量2字节 
[I] [2017-07-09 15:13:32] MqRequest cost 2 ms 
[I] [2017-07-09 15:13:32] 拉取到订阅频道【NameNode】的消息 
[I] [2017-07-09 15:13:32] 有消息收到了,开始顺序收取完全部的消息... 
[I] [2017-07-09 15:13:32] 开始收取下一条积压的消息... 
[I] [2017-07-09 15:13:32] 本次总计减少传输量-52字节 
[I] [2017-07-09 15:13:32] MqRequest cost 6 ms 
[I] [2017-07-09 15:13:32] 订阅频道的消息为空！ 
[I] [2017-07-09 15:13:32] 所有积压的消息已经全部收取完毕！ 
[I] [2017-07-09 15:13:32] 消息池空了，拉取消息的服务休眠 10 秒后再试... 
[I] [2017-07-09 15:13:41] Receive request: GET /jartask/ HTTP/1.1 
[I] [2017-07-09 15:13:42] 本次总计减少传输量-52字节 
[I] [2017-07-09 15:13:42] MqRequest cost 1 ms 
[I] [2017-07-09 15:13:42] 订阅频道的消息为空！ 
[I] [2017-07-09 15:13:42] 消息池空了，拉取消息的服务休眠 15 秒后再试... 
[I] [2017-07-09 15:13:57] 本次总计减少传输量-52字节 
[I] [2017-07-09 15:13:57] MqRequest cost 2 ms 
[I] [2017-07-09 15:13:57] 订阅频道的消息为空！ 
[I] [2017-07-09 15:13:57] 消息池空了，拉取消息的服务休眠 20 秒后再试... 
[I] [2017-07-09 15:14:17] 本次总计减少传输量-52字节 
[I] [2017-07-09 15:14:17] MqRequest cost 2 ms 
[I] [2017-07-09 15:14:17] 订阅频道的消息为空！ 
[I] [2017-07-09 15:14:17] 消息池空了，拉取消息的服务休眠 25 秒后再试... 
[I] [2017-07-09 15:14:42] 本次总计减少传输量-52字节 
[I] [2017-07-09 15:14:42] MqRequest cost 2 ms 
[I] [2017-07-09 15:14:42] 订阅频道的消息为空！ 
[I] [2017-07-09 15:14:42] 消息池空了，拉取消息的服务休眠 30 秒后再试... 
[I] [2017-07-09 15:15:12] 本次总计减少传输量-52字节 
[I] [2017-07-09 15:15:12] MqRequest cost 1 ms 
[I] [2017-07-09 15:15:12] 订阅频道的消息为空！ 
[I] [2017-07-09 15:15:12] 消息池空了，拉取消息的服务休眠 35 秒后再试... 
[I] [2017-07-09 15:15:47] 本次总计减少传输量-52字节 
[I] [2017-07-09 15:15:47] MqRequest cost 2 ms 
[I] [2017-07-09 15:15:47] 订阅频道的消息为空！ 
[I] [2017-07-09 15:15:47] 消息池空了，拉取消息的服务休眠 40 秒后再试... 
[I] [2017-07-09 15:16:27] 本次总计减少传输量-52字节 
[I] [2017-07-09 15:16:27] MqRequest cost 1 ms 
[I] [2017-07-09 15:16:27] 订阅频道的消息为空！ 
[I] [2017-07-09 15:16:27] 消息池空了，拉取消息的服务休眠 45 秒后再试... 
[I] [2017-07-09 15:17:12] 本次总计减少传输量-52字节 
[I] [2017-07-09 15:17:12] MqRequest cost 1 ms 
[I] [2017-07-09 15:17:12] 订阅频道的消息为空！ 
[I] [2017-07-09 15:17:12] 消息池空了，拉取消息的服务休眠 50 秒后再试... 
[I] [2017-07-09 15:18:02] 本次总计减少传输量-52字节 
[I] [2017-07-09 15:18:02] MqRequest cost 1 ms 
[I] [2017-07-09 15:18:02] 订阅频道的消息为空！ 
[I] [2017-07-09 15:18:02] 消息池空了，拉取消息的服务休眠 55 秒后再试... 
[I] [2017-07-09 15:18:57] 本次总计减少传输量-52字节 
[I] [2017-07-09 15:18:57] MqRequest cost 2 ms 
[I] [2017-07-09 15:18:57] 订阅频道的消息为空！ 
[I] [2017-07-09 15:18:57] 消息池空了，拉取消息的服务休眠 60 秒后再试... 
[I] [2017-07-09 15:19:57] 本次总计减少传输量-52字节 
[I] [2017-07-09 15:19:57] MqRequest cost 1 ms 
[I] [2017-07-09 15:19:57] 订阅频道的消息为空！ 
[I] [2017-07-09 15:19:57] 消息池空了，拉取消息的服务休眠 60 秒后再试... 
[I] [2017-07-09 15:20:57] 本次总计减少传输量-52字节 
[I] [2017-07-09 15:20:57] MqRequest cost 1 ms 
[I] [2017-07-09 15:20:57] 订阅频道的消息为空！ 
[I] [2017-07-09 15:20:57] 消息池空了，拉取消息的服务休眠 60 秒后再试... 
[I] [2017-07-09 15:21:57] 本次总计减少传输量-52字节 
[I] [2017-07-09 15:21:57] MqRequest cost 2 ms 
[I] [2017-07-09 15:21:57] 订阅频道的消息为空！ 
[I] [2017-07-09 15:21:57] 消息池空了，拉取消息的服务休眠 60 秒后再试... 
[I] [2017-07-09 15:22:57] 本次总计减少传输量-52字节 
[I] [2017-07-09 15:22:57] MqRequest cost 1 ms 
[I] [2017-07-09 15:22:57] 订阅频道的消息为空！ 
[I] [2017-07-09 15:22:57] 消息池空了，拉取消息的服务休眠 60 秒后再试... 
[I] [2017-07-09 15:23:57] 本次总计减少传输量-52字节 
[I] [2017-07-09 15:23:57] MqRequest cost 4 ms 
[I] [2017-07-09 15:23:57] 订阅频道的消息为空！ 
[I] [2017-07-09 15:23:57] 消息池空了，拉取消息的服务休眠 60 秒后再试... 
[I] [2017-07-09 15:24:57] 本次总计减少传输量-52字节 
[I] [2017-07-09 15:24:57] MqRequest cost 1 ms 
[I] [2017-07-09 15:24:57] 订阅频道的消息为空！ 
[I] [2017-07-09 15:24:57] 消息池空了，拉取消息的服务休眠 60 秒后再试... 
[I] [2017-07-09 15:25:57] 本次总计减少传输量-52字节 
[I] [2017-07-09 15:25:57] MqRequest cost 2 ms 
[I] [2017-07-09 15:25:57] 订阅频道的消息为空！ 
[I] [2017-07-09 15:25:57] 消息池空了，拉取消息的服务休眠 60 秒后再试... 
[I] [2017-07-09 15:26:46] 开始执行分布式任务【20170709152646.jar】！ 
[I] [2017-07-09 15:26:46] 分布式任务【20170709152646.jar】计算完毕！ 
[I] [2017-07-09 15:26:46] 本次总计减少传输量3字节 
[I] [2017-07-09 15:26:46] MqRequest cost 1 ms 
[I] [2017-07-09 15:26:57] 本次总计减少传输量-52字节 
[I] [2017-07-09 15:26:57] MqRequest cost 1 ms 
[I] [2017-07-09 15:26:57] 订阅频道的消息为空！ 
[I] [2017-07-09 15:26:57] 消息池空了，拉取消息的服务休眠 60 秒后再试... 
[I] [2017-07-09 15:27:40] Receive request: GET /jartask/20170709152646.jar HTTP/1.1 
[I] [2017-07-09 15:27:57] 本次总计减少传输量2字节 
[I] [2017-07-09 15:27:57] MqRequest cost 2 ms 
[I] [2017-07-09 15:27:57] 拉取到订阅频道【NameNode】的消息 
[I] [2017-07-09 15:27:57] 有消息收到了,开始顺序收取完全部的消息... 
[I] [2017-07-09 15:27:57] 开始收取下一条积压的消息... 
[I] [2017-07-09 15:27:57] 本次总计减少传输量2字节 
[I] [2017-07-09 15:27:57] MqRequest cost 7 ms 
[I] [2017-07-09 15:27:57] 拉取到订阅频道【NameNode】的消息 
[I] [2017-07-09 15:27:57] 开始收取下一条积压的消息... 
[I] [2017-07-09 15:27:57] 本次总计减少传输量-52字节 
[I] [2017-07-09 15:27:57] MqRequest cost 6 ms 
[I] [2017-07-09 15:27:57] 订阅频道的消息为空！ 
[I] [2017-07-09 15:27:57] 所有积压的消息已经全部收取完毕！ 
[I] [2017-07-09 15:27:57] 消息池空了，拉取消息的服务休眠 10 秒后再试... 
[I] [2017-07-09 15:28:07] 本次总计减少传输量-52字节 
[I] [2017-07-09 15:28:07] MqRequest cost 1 ms 
[I] [2017-07-09 15:28:07] 订阅频道的消息为空！ 
[I] [2017-07-09 15:28:07] 消息池空了，拉取消息的服务休眠 15 秒后再试... 
[I] [2017-07-09 15:28:22] 本次总计减少传输量-52字节 
[I] [2017-07-09 15:28:22] MqRequest cost 1 ms 
[I] [2017-07-09 15:28:22] 订阅频道的消息为空！ 
[I] [2017-07-09 15:28:22] 消息池空了，拉取消息的服务休眠 20 秒后再试... 
[I] [2017-07-09 15:28:42] 本次总计减少传输量-52字节 
[I] [2017-07-09 15:28:42] MqRequest cost 1 ms 
[I] [2017-07-09 15:28:42] 订阅频道的消息为空！ 
[I] [2017-07-09 15:28:42] 消息池空了，拉取消息的服务休眠 25 秒后再试... 
[I] [2017-07-09 15:29:07] 本次总计减少传输量-52字节 
[I] [2017-07-09 15:29:07] MqRequest cost 1 ms 
[I] [2017-07-09 15:29:07] 订阅频道的消息为空！ 
[I] [2017-07-09 15:29:07] 消息池空了，拉取消息的服务休眠 30 秒后再试... 
[I] [2017-07-09 15:29:37] 本次总计减少传输量-52字节 
[I] [2017-07-09 15:29:37] MqRequest cost 1 ms 
[I] [2017-07-09 15:29:37] 订阅频道的消息为空！ 
[I] [2017-07-09 15:29:37] 消息池空了，拉取消息的服务休眠 35 秒后再试... 
[I] [2017-07-09 15:30:12] 本次总计减少传输量-52字节 
[I] [2017-07-09 15:30:12] MqRequest cost 1 ms 
[I] [2017-07-09 15:30:12] 订阅频道的消息为空！ 
[I] [2017-07-09 15:30:12] 消息池空了，拉取消息的服务休眠 40 秒后再试... 
[I] [2017-07-09 15:30:52] 本次总计减少传输量-52字节 
[I] [2017-07-09 15:30:52] MqRequest cost 1 ms 
[I] [2017-07-09 15:30:52] 订阅频道的消息为空！ 
[I] [2017-07-09 15:30:52] 消息池空了，拉取消息的服务休眠 45 秒后再试... 
[I] [2017-07-09 15:31:37] 本次总计减少传输量-52字节 
[I] [2017-07-09 15:31:37] MqRequest cost 1 ms 
[I] [2017-07-09 15:31:37] 订阅频道的消息为空！ 
[I] [2017-07-09 15:31:37] 消息池空了，拉取消息的服务休眠 50 秒后再试... 
[I] [2017-07-09 15:32:27] 本次总计减少传输量-52字节 
[I] [2017-07-09 15:32:27] MqRequest cost 1 ms 
[I] [2017-07-09 15:32:27] 订阅频道的消息为空！ 
[I] [2017-07-09 15:32:27] 消息池空了，拉取消息的服务休眠 55 秒后再试... 
[I] [2017-07-09 15:33:22] 本次总计减少传输量-52字节 
[I] [2017-07-09 15:33:22] MqRequest cost 1 ms 
[I] [2017-07-09 15:33:22] 订阅频道的消息为空！ 
[I] [2017-07-09 15:33:22] 消息池空了，拉取消息的服务休眠 60 秒后再试... 
[I] [2017-07-09 15:34:22] 本次总计减少传输量-52字节 
[I] [2017-07-09 15:34:22] MqRequest cost 1 ms 
[I] [2017-07-09 15:34:22] 订阅频道的消息为空！ 
[I] [2017-07-09 15:34:22] 消息池空了，拉取消息的服务休眠 60 秒后再试... 
[I] [2017-07-09 15:35:22] 本次总计减少传输量-52字节 
[I] [2017-07-09 15:35:22] MqRequest cost 1 ms 
[I] [2017-07-09 15:35:22] 订阅频道的消息为空！ 
[I] [2017-07-09 15:35:22] 消息池空了，拉取消息的服务休眠 60 秒后再试... 
[I] [2017-07-09 15:36:22] 本次总计减少传输量-52字节 
[I] [2017-07-09 15:36:22] MqRequest cost 1 ms 
[I] [2017-07-09 15:36:22] 订阅频道的消息为空！ 
[I] [2017-07-09 15:36:22] 消息池空了，拉取消息的服务休眠 60 秒后再试... 
[I] [2017-07-09 15:37:22] 本次总计减少传输量-52字节 
[I] [2017-07-09 15:37:22] MqRequest cost 1 ms 
[I] [2017-07-09 15:37:22] 订阅频道的消息为空！ 
[I] [2017-07-09 15:37:22] 消息池空了，拉取消息的服务休眠 60 秒后再试... 
[I] [2017-07-09 15:38:22] 本次总计减少传输量-52字节 
[I] [2017-07-09 15:38:22] MqRequest cost 1 ms 
[I] [2017-07-09 15:38:22] 订阅频道的消息为空！ 
[I] [2017-07-09 15:38:22] 消息池空了，拉取消息的服务休眠 60 秒后再试... 
[I] [2017-07-09 15:39:22] 本次总计减少传输量-52字节 
[I] [2017-07-09 15:39:22] MqRequest cost 1 ms 
[I] [2017-07-09 15:39:22] 订阅频道的消息为空！ 
[I] [2017-07-09 15:39:22] 消息池空了，拉取消息的服务休眠 60 秒后再试... 
[I] [2017-07-09 15:40:22] 本次总计减少传输量-52字节 
[I] [2017-07-09 15:40:22] MqRequest cost 1 ms 
[I] [2017-07-09 15:40:22] 订阅频道的消息为空！ 
[I] [2017-07-09 15:40:22] 消息池空了，拉取消息的服务休眠 60 秒后再试... 
[I] [2017-07-09 15:41:22] 本次总计减少传输量-52字节 
[I] [2017-07-09 15:41:22] MqRequest cost 1 ms 
[I] [2017-07-09 15:41:22] 订阅频道的消息为空！ 
[I] [2017-07-09 15:41:22] 消息池空了，拉取消息的服务休眠 60 秒后再试... 
[I] [2017-07-09 15:42:22] 本次总计减少传输量-52字节 
[I] [2017-07-09 15:42:22] MqRequest cost 1 ms 
[I] [2017-07-09 15:42:22] 订阅频道的消息为空！ 
[I] [2017-07-09 15:42:22] 消息池空了，拉取消息的服务休眠 60 秒后再试... 
[I] [2017-07-09 15:43:22] 本次总计减少传输量-52字节 
[I] [2017-07-09 15:43:22] MqRequest cost 1 ms 
[I] [2017-07-09 15:43:22] 订阅频道的消息为空！ 
[I] [2017-07-09 15:43:22] 消息池空了，拉取消息的服务休眠 60 秒后再试... 
[I] [2017-07-09 15:44:22] 本次总计减少传输量-52字节 
[I] [2017-07-09 15:44:22] MqRequest cost 1 ms 
[I] [2017-07-09 15:44:22] 订阅频道的消息为空！ 
[I] [2017-07-09 15:44:22] 消息池空了，拉取消息的服务休眠 60 秒后再试... 
[I] [2017-07-09 15:45:22] 本次总计减少传输量-52字节 
[I] [2017-07-09 15:45:22] MqRequest cost 1 ms 
[I] [2017-07-09 15:45:22] 订阅频道的消息为空！ 
[I] [2017-07-09 15:45:22] 消息池空了，拉取消息的服务休眠 60 秒后再试... 
[I] [2017-07-09 15:46:22] 本次总计减少传输量-52字节 
[I] [2017-07-09 15:46:22] MqRequest cost 1 ms 
[I] [2017-07-09 15:46:22] 订阅频道的消息为空！ 
[I] [2017-07-09 15:46:22] 消息池空了，拉取消息的服务休眠 60 秒后再试... 
[I] [2017-07-09 15:47:22] 本次总计减少传输量-52字节 
[I] [2017-07-09 15:47:22] MqRequest cost 1 ms 
[I] [2017-07-09 15:47:22] 订阅频道的消息为空！ 
[I] [2017-07-09 15:47:22] 消息池空了，拉取消息的服务休眠 60 秒后再试... 
[I] [2017-07-09 15:48:22] 本次总计减少传输量-52字节 
[I] [2017-07-09 15:48:22] MqRequest cost 1 ms 
[I] [2017-07-09 15:48:22] 订阅频道的消息为空！ 
[I] [2017-07-09 15:48:22] 消息池空了，拉取消息的服务休眠 60 秒后再试... 
[I] [2017-07-09 15:49:22] 本次总计减少传输量-52字节 
[I] [2017-07-09 15:49:22] MqRequest cost 1 ms 
[I] [2017-07-09 15:49:22] 订阅频道的消息为空！ 
[I] [2017-07-09 15:49:22] 消息池空了，拉取消息的服务休眠 60 秒后再试... 
[I] [2017-07-09 15:50:22] 本次总计减少传输量-52字节 
[I] [2017-07-09 15:50:22] MqRequest cost 1 ms 
[I] [2017-07-09 15:50:22] 订阅频道的消息为空！ 
[I] [2017-07-09 15:50:22] 消息池空了，拉取消息的服务休眠 60 秒后再试... 
[I] [2017-07-09 15:51:22] 本次总计减少传输量-52字节 
[I] [2017-07-09 15:51:22] MqRequest cost 1 ms 
[I] [2017-07-09 15:51:22] 订阅频道的消息为空！ 
[I] [2017-07-09 15:51:22] 消息池空了，拉取消息的服务休眠 60 秒后再试... 
[I] [2017-07-09 15:52:22] 本次总计减少传输量-52字节 
[I] [2017-07-09 15:52:22] MqRequest cost 1 ms 
[I] [2017-07-09 15:52:22] 订阅频道的消息为空！ 
[I] [2017-07-09 15:52:22] 消息池空了，拉取消息的服务休眠 60 秒后再试... 
[I] [2017-07-09 15:53:22] 本次总计减少传输量-52字节 
[I] [2017-07-09 15:53:22] MqRequest cost 1 ms 
[I] [2017-07-09 15:53:22] 订阅频道的消息为空！ 
[I] [2017-07-09 15:53:22] 消息池空了，拉取消息的服务休眠 60 秒后再试... 
[I] [2017-07-09 15:54:22] 本次总计减少传输量-52字节 
[I] [2017-07-09 15:54:22] MqRequest cost 1 ms 
[I] [2017-07-09 15:54:22] 订阅频道的消息为空！ 
[I] [2017-07-09 15:54:22] 消息池空了，拉取消息的服务休眠 60 秒后再试... 
[I] [2017-07-09 15:55:22] 本次总计减少传输量-52字节 
[I] [2017-07-09 15:55:22] MqRequest cost 1 ms 
[I] [2017-07-09 15:55:22] 订阅频道的消息为空！ 
[I] [2017-07-09 15:55:22] 消息池空了，拉取消息的服务休眠 60 秒后再试... 
[I] [2017-07-09 15:56:22] 本次总计减少传输量-52字节 
[I] [2017-07-09 15:56:22] MqRequest cost 1 ms 
[I] [2017-07-09 15:56:22] 订阅频道的消息为空！ 
[I] [2017-07-09 15:56:22] 消息池空了，拉取消息的服务休眠 60 秒后再试... 
[I] [2017-07-09 15:56:34] HttpServer start generating route table... 
[I] [2017-07-09 15:56:34] Adding DOCUMENT route -> /jartask --> D:\DistributedTasks 
[I] [2017-07-09 15:56:34] Routing over! 
[I] [2017-07-09 15:56:34] Server started OK at port 45555, which cost 11 ms! Please visit:  http://127.0.0.1:45555/list
 
[I] [2017-07-09 15:56:34] 构建XML界面完毕！ 
[I] [2017-07-09 15:56:34] 处理不可序列化的请求... 
[I] [2017-07-09 15:56:34] 读取到证书信息，更新通讯秘钥... 
[I] [2017-07-09 15:56:34] 当前的通讯密码为：d1335d06d5319cd2 
[I] [2017-07-09 15:56:34] 本次总计减少传输量-52字节 
[I] [2017-07-09 15:56:34] MqRequest cost 125 ms 
[I] [2017-07-09 15:56:34] 订阅频道的消息为空！ 
[I] [2017-07-09 15:57:04] 处理不可序列化的请求... 
[I] [2017-07-09 15:57:04] 本次总计减少传输量11字节 
[I] [2017-07-09 15:57:04] MqRequest cost 3 ms 
[I] [2017-07-09 15:57:04] 拉取到订阅频道【NameNode】的消息 
[I] [2017-07-09 15:57:30] 开始执行分布式任务【20170709155729.jar】！ 
[I] [2017-07-09 15:57:30] 本次总计减少传输量3字节 
[I] [2017-07-09 15:57:30] MqRequest cost 3 ms 
[I] [2017-07-09 15:57:34] 处理不可序列化的请求... 
[I] [2017-07-09 15:57:34] 本次总计减少传输量-52字节 
[I] [2017-07-09 15:57:34] MqRequest cost 5 ms 
[I] [2017-07-09 15:57:34] 订阅频道的消息为空！ 
[I] [2017-07-09 15:57:42] Receive request: GET /jartask/20170709155729.jar HTTP/1.1 
[I] [2017-07-09 15:58:04] 处理不可序列化的请求... 
[I] [2017-07-09 15:58:04] 本次总计减少传输量2字节 
[I] [2017-07-09 15:58:04] MqRequest cost 11 ms 
[I] [2017-07-09 15:58:04] 拉取到订阅频道【NameNode】的消息 
[I] [2017-07-09 15:58:05] 分布式任务【20170709155729.jar】计算完毕！ 
[I] [2017-07-09 15:59:53] HttpServer start generating route table... 
[I] [2017-07-09 15:59:53] Adding DOCUMENT route -> /jartask --> D:\DistributedTasks 
[I] [2017-07-09 15:59:53] Routing over! 
[I] [2017-07-09 15:59:53] Server started OK at port 45555, which cost 6 ms! Please visit:  http://127.0.0.1:45555/list
 
[I] [2017-07-09 15:59:53] 构建XML界面完毕！ 
[I] [2017-07-09 15:59:53] 处理不可序列化的请求... 
[I] [2017-07-09 15:59:53] 读取到证书信息，更新通讯秘钥... 
[I] [2017-07-09 15:59:53] 当前的通讯密码为：d1335d06d5319cd2 
[I] [2017-07-09 15:59:53] 本次总计减少传输量-52字节 
[I] [2017-07-09 15:59:53] MqRequest cost 138 ms 
[I] [2017-07-09 15:59:53] 订阅频道的消息为空！ 
[I] [2017-07-09 16:00:08] 处理不可序列化的请求... 
[I] [2017-07-09 16:00:08] 本次总计减少传输量11字节 
[I] [2017-07-09 16:00:08] MqRequest cost 5 ms 
[I] [2017-07-09 16:00:08] 拉取到订阅频道【NameNode】的消息 
[I] [2017-07-09 16:00:16] 开始执行分布式任务【20170709160016.jar】！ 
[I] [2017-07-09 16:00:16] 本次总计减少传输量3字节 
[I] [2017-07-09 16:00:16] MqRequest cost 4 ms 
[I] [2017-07-09 16:00:23] 处理不可序列化的请求... 
[I] [2017-07-09 16:00:23] 本次总计减少传输量-52字节 
[I] [2017-07-09 16:00:23] MqRequest cost 2 ms 
[I] [2017-07-09 16:00:23] 订阅频道的消息为空！ 
[I] [2017-07-09 16:00:29] Receive request: GET /jartask/20170709160016.jar HTTP/1.1 
[I] [2017-07-09 16:00:38] 处理不可序列化的请求... 
[I] [2017-07-09 16:00:38] 本次总计减少传输量2字节 
[I] [2017-07-09 16:00:38] MqRequest cost 3 ms 
[I] [2017-07-09 16:00:38] 拉取到订阅频道【NameNode】的消息 
[I] [2017-07-09 16:00:38] 分布式任务【20170709160016.jar】计算完毕！ 
[I] [2017-07-09 16:00:53] 处理不可序列化的请求... 
[I] [2017-07-09 16:00:53] 本次总计减少传输量-52字节 
[I] [2017-07-09 16:00:53] MqRequest cost 2 ms 
[I] [2017-07-09 16:00:53] 订阅频道的消息为空！ 
[I] [2017-07-09 16:01:08] 处理不可序列化的请求... 
[I] [2017-07-09 16:01:08] 本次总计减少传输量-52字节 
[I] [2017-07-09 16:01:08] MqRequest cost 6 ms 
[I] [2017-07-09 16:01:08] 订阅频道的消息为空！ 
[I] [2017-07-09 16:01:23] 处理不可序列化的请求... 
[I] [2017-07-09 16:01:23] 本次总计减少传输量-52字节 
[I] [2017-07-09 16:01:23] MqRequest cost 3 ms 
[I] [2017-07-09 16:01:23] 订阅频道的消息为空！ 
[I] [2017-07-09 16:01:38] 处理不可序列化的请求... 
[I] [2017-07-09 16:01:38] 本次总计减少传输量-52字节 
[I] [2017-07-09 16:01:38] MqRequest cost 3 ms 
[I] [2017-07-09 16:01:38] 订阅频道的消息为空！ 
[I] [2017-07-09 16:01:53] 处理不可序列化的请求... 
[I] [2017-07-09 16:01:53] 本次总计减少传输量299字节 
[I] [2017-07-09 16:01:53] MqRequest cost 4 ms 
[I] [2017-07-09 16:01:53] 拉取到订阅频道【NameNode】的消息 
[I] [2017-07-09 16:02:08] 处理不可序列化的请求... 
[I] [2017-07-09 16:02:08] 本次总计减少传输量11字节 
[I] [2017-07-09 16:02:08] MqRequest cost 2 ms 
[I] [2017-07-09 16:02:08] 拉取到订阅频道【NameNode】的消息 
[I] [2017-07-09 16:02:23] 处理不可序列化的请求... 
[I] [2017-07-09 16:02:23] 本次总计减少传输量-52字节 
[I] [2017-07-09 16:02:23] MqRequest cost 2 ms 
[I] [2017-07-09 16:02:23] 订阅频道的消息为空！ 
[I] [2017-07-09 16:02:38] 处理不可序列化的请求... 
[I] [2017-07-09 16:02:38] 本次总计减少传输量-52字节 
[I] [2017-07-09 16:02:38] MqRequest cost 2 ms 
[I] [2017-07-09 16:02:38] 订阅频道的消息为空！ 
[I] [2017-07-09 16:02:53] 处理不可序列化的请求... 
[I] [2017-07-09 16:02:53] 本次总计减少传输量-52字节 
[I] [2017-07-09 16:02:53] MqRequest cost 2 ms 
[I] [2017-07-09 16:02:53] 订阅频道的消息为空！ 
[I] [2017-07-09 16:03:08] 处理不可序列化的请求... 
[I] [2017-07-09 16:03:08] 本次总计减少传输量-52字节 
[I] [2017-07-09 16:03:08] MqRequest cost 2 ms 
[I] [2017-07-09 16:03:08] 订阅频道的消息为空！ 
[I] [2017-07-09 16:03:23] 处理不可序列化的请求... 
[I] [2017-07-09 16:03:23] 本次总计减少传输量-52字节 
[I] [2017-07-09 16:03:23] MqRequest cost 2 ms 
[I] [2017-07-09 16:03:23] 订阅频道的消息为空！ 
[I] [2017-07-09 16:03:38] 处理不可序列化的请求... 
[I] [2017-07-09 16:03:38] 本次总计减少传输量-52字节 
[I] [2017-07-09 16:03:38] MqRequest cost 2 ms 
[I] [2017-07-09 16:03:38] 订阅频道的消息为空！ 
[I] [2017-07-09 16:03:53] 处理不可序列化的请求... 
[I] [2017-07-09 16:03:53] 本次总计减少传输量-52字节 
[I] [2017-07-09 16:03:53] MqRequest cost 2 ms 
[I] [2017-07-09 16:03:53] 订阅频道的消息为空！ 
[I] [2017-07-09 16:03:58] 开始执行分布式任务【20170709160357.jar】！ 
[I] [2017-07-09 16:03:58] 本次总计减少传输量371字节 
[I] [2017-07-09 16:03:58] MqRequest cost 2 ms 
[I] [2017-07-09 16:03:58] 本次总计减少传输量668字节 
[I] [2017-07-09 16:03:58] MqRequest cost 1 ms 
[I] [2017-07-09 16:03:58] Receive request: GET /jartask/20170709160357.jar HTTP/1.1 
[I] [2017-07-09 16:03:59] Receive request: GET /jartask/20170709160357.jar HTTP/1.1 
[I] [2017-07-09 16:04:01] Receive request: GET /jartask/20170709160357.jar HTTP/1.1 
[I] [2017-07-09 16:04:05] Receive request: GET /jartask/20170709160357.jar HTTP/1.1 
[I] [2017-07-09 16:04:08] 处理不可序列化的请求... 
[I] [2017-07-09 16:04:08] 本次总计减少传输量407字节 
[I] [2017-07-09 16:04:08] MqRequest cost 2 ms 
[I] [2017-07-09 16:04:08] 拉取到订阅频道【NameNode】的消息 
[I] [2017-07-09 16:04:09] Receive request: GET /jartask/20170709160357.jar HTTP/1.1 
[I] [2017-07-09 16:04:23] 处理不可序列化的请求... 
[I] [2017-07-09 16:04:23] 本次总计减少传输量2字节 
[I] [2017-07-09 16:04:23] MqRequest cost 3 ms 
[I] [2017-07-09 16:04:23] 拉取到订阅频道【NameNode】的消息 
[I] [2017-07-09 16:04:24] 分布式任务【20170709160357.jar】计算完毕！ 
[I] [2017-07-09 16:04:38] 处理不可序列化的请求... 
[I] [2017-07-09 16:04:38] 本次总计减少传输量-52字节 
[I] [2017-07-09 16:04:38] MqRequest cost 2 ms 
[I] [2017-07-09 16:04:38] 订阅频道的消息为空！ 
[I] [2017-07-09 16:04:51] 开始执行分布式任务【20170709160450.jar】！ 
[I] [2017-07-09 16:04:51] 分布式任务【20170709160450.jar】计算完毕！ 
[I] [2017-07-09 16:04:51] 本次总计减少传输量965字节 
[I] [2017-07-09 16:04:51] MqRequest cost 2 ms 
[I] [2017-07-09 16:04:51] 本次总计减少传输量3字节 
[I] [2017-07-09 16:04:51] MqRequest cost 1 ms 
[I] [2017-07-09 16:04:53] 处理不可序列化的请求... 
[I] [2017-07-09 16:04:53] 本次总计减少传输量-52字节 
[I] [2017-07-09 16:04:53] MqRequest cost 2 ms 
[I] [2017-07-09 16:04:53] 订阅频道的消息为空！ 
[I] [2017-07-09 16:04:54] Receive request: GET /jartask/20170709160450.jar HTTP/1.1 
[I] [2017-07-09 16:04:58] Receive request: GET /jartask/20170709160450.jar HTTP/1.1 
[I] [2017-07-09 16:04:59] Receive request: GET /jartask/20170709160450.jar HTTP/1.1 
[I] [2017-07-09 16:05:01] Receive request: GET /jartask/20170709160450.jar HTTP/1.1 
[I] [2017-07-09 16:05:05] Receive request: GET /jartask/20170709160450.jar HTTP/1.1 
[I] [2017-07-09 16:05:08] 处理不可序列化的请求... 
[I] [2017-07-09 16:05:08] 本次总计减少传输量558字节 
[I] [2017-07-09 16:05:08] MqRequest cost 2 ms 
[I] [2017-07-09 16:05:08] 拉取到订阅频道【NameNode】的消息 
[I] [2017-07-09 16:05:23] 处理不可序列化的请求... 
[I] [2017-07-09 16:05:23] 本次总计减少传输量-52字节 
[I] [2017-07-09 16:05:23] MqRequest cost 2 ms 
[I] [2017-07-09 16:05:23] 订阅频道的消息为空！ 
[I] [2017-07-09 16:05:38] 处理不可序列化的请求... 
[I] [2017-07-09 16:05:38] 本次总计减少传输量-52字节 
[I] [2017-07-09 16:05:38] MqRequest cost 2 ms 
[I] [2017-07-09 16:05:38] 订阅频道的消息为空！ 
[I] [2017-07-09 16:05:53] 处理不可序列化的请求... 
[I] [2017-07-09 16:05:53] 本次总计减少传输量-52字节 
[I] [2017-07-09 16:05:53] MqRequest cost 2 ms 
[I] [2017-07-09 16:05:53] 订阅频道的消息为空！ 
[I] [2017-07-09 16:06:08] 处理不可序列化的请求... 
[I] [2017-07-09 16:06:08] 本次总计减少传输量-52字节 
[I] [2017-07-09 16:06:08] MqRequest cost 2 ms 
[I] [2017-07-09 16:06:08] 订阅频道的消息为空！ 
[I] [2017-07-09 16:06:23] 处理不可序列化的请求... 
[I] [2017-07-09 16:06:23] 本次总计减少传输量-52字节 
[I] [2017-07-09 16:06:23] MqRequest cost 3 ms 
[I] [2017-07-09 16:06:23] 订阅频道的消息为空！ 
[I] [2017-07-09 16:06:38] 处理不可序列化的请求... 
[I] [2017-07-09 16:06:38] 本次总计减少传输量-52字节 
[I] [2017-07-09 16:06:38] MqRequest cost 2 ms 
[I] [2017-07-09 16:06:38] 订阅频道的消息为空！ 
[I] [2017-07-09 16:06:53] 处理不可序列化的请求... 
[I] [2017-07-09 16:06:53] 本次总计减少传输量-52字节 
[I] [2017-07-09 16:06:53] MqRequest cost 1 ms 
[I] [2017-07-09 16:06:53] 订阅频道的消息为空！ 
[I] [2017-07-09 16:07:08] 处理不可序列化的请求... 
[I] [2017-07-09 16:07:08] 本次总计减少传输量-52字节 
[I] [2017-07-09 16:07:08] MqRequest cost 1 ms 
[I] [2017-07-09 16:07:08] 订阅频道的消息为空！ 
[I] [2017-07-09 16:07:23] 处理不可序列化的请求... 
[I] [2017-07-09 16:07:23] 本次总计减少传输量-52字节 
[I] [2017-07-09 16:07:23] MqRequest cost 2 ms 
[I] [2017-07-09 16:07:23] 订阅频道的消息为空！ 
[I] [2017-07-09 16:07:38] 处理不可序列化的请求... 
[I] [2017-07-09 16:07:38] 本次总计减少传输量-52字节 
[I] [2017-07-09 16:07:38] MqRequest cost 2 ms 
[I] [2017-07-09 16:07:38] 订阅频道的消息为空！ 
[I] [2017-07-09 16:07:53] 处理不可序列化的请求... 
[I] [2017-07-09 16:07:53] 本次总计减少传输量-52字节 
[I] [2017-07-09 16:07:53] MqRequest cost 2 ms 
[I] [2017-07-09 16:07:53] 订阅频道的消息为空！ 
[I] [2017-07-09 16:08:08] 处理不可序列化的请求... 
[I] [2017-07-09 16:08:08] 本次总计减少传输量-52字节 
[I] [2017-07-09 16:08:08] MqRequest cost 1 ms 
[I] [2017-07-09 16:08:08] 订阅频道的消息为空！ 
[I] [2017-07-09 16:08:23] 处理不可序列化的请求... 
[I] [2017-07-09 16:08:23] 本次总计减少传输量-52字节 
[I] [2017-07-09 16:08:23] MqRequest cost 2 ms 
[I] [2017-07-09 16:08:23] 订阅频道的消息为空！ 
[I] [2017-07-09 16:08:46] HttpServer start generating route table... 
[I] [2017-07-09 16:08:46] Adding DOCUMENT route -> /jartask --> D:\DistributedTasks 
[I] [2017-07-09 16:08:46] Routing over! 
[I] [2017-07-09 16:08:46] Server started OK at port 45555, which cost 4 ms! Please visit:  http://127.0.0.1:45555/list
 
[I] [2017-07-09 16:08:46] 构建XML界面完毕！ 
[I] [2017-07-09 16:08:46] 处理不可序列化的请求... 
[I] [2017-07-09 16:08:46] 读取到证书信息，更新通讯秘钥... 
[I] [2017-07-09 16:08:46] 当前的通讯密码为：d1335d06d5319cd2 
[I] [2017-07-09 16:08:46] 订阅频道的消息为空！ 
[I] [2017-07-09 16:09:01] 处理不可序列化的请求... 
[I] [2017-07-09 16:09:01] 拉取到订阅频道【NameNode】的消息 
[I] [2017-07-09 16:09:16] 处理不可序列化的请求... 
[I] [2017-07-09 16:09:16] 拉取到订阅频道【NameNode】的消息 
[I] [2017-07-09 16:09:29] 开始执行分布式任务【20170709160928.jar】！ 
[I] [2017-07-09 16:09:31] 处理不可序列化的请求... 
[I] [2017-07-09 16:09:31] 订阅频道的消息为空！ 
[I] [2017-07-09 16:09:34] Receive request: GET /jartask/20170709160928.jar HTTP/1.1 
[I] [2017-07-09 16:09:37] Receive request: GET /jartask/20170709160928.jar HTTP/1.1 
[I] [2017-07-09 16:09:41] Receive request: GET /jartask/20170709160928.jar HTTP/1.1 
[I] [2017-07-09 16:09:46] 处理不可序列化的请求... 
[I] [2017-07-09 16:09:46] 拉取到订阅频道【NameNode】的消息 
[I] [2017-07-09 16:12:16] HttpServer start generating route table... 
[I] [2017-07-09 16:12:16] Adding DOCUMENT route -> /jartask --> D:\DistributedTasks 
[I] [2017-07-09 16:12:16] Routing over! 
[I] [2017-07-09 16:12:16] Server started OK at port 45555, which cost 5 ms! Please visit:  http://127.0.0.1:45555/list
 
[I] [2017-07-09 16:12:16] 构建XML界面完毕！ 
[I] [2017-07-09 16:12:17] 处理不可序列化的请求... 
[I] [2017-07-09 16:12:17] 读取到证书信息，更新通讯秘钥... 
[I] [2017-07-09 16:12:17] 当前的通讯密码为：d1335d06d5319cd2 
[I] [2017-07-09 16:12:17] 订阅频道的消息为空！ 
[I] [2017-07-09 16:14:43] HttpServer start generating route table... 
[I] [2017-07-09 16:14:43] Adding DOCUMENT route -> /jartask --> D:\DistributedTasks 
[I] [2017-07-09 16:14:43] Routing over! 
[I] [2017-07-09 16:14:43] Server started OK at port 45555, which cost 5 ms! Please visit:  http://127.0.0.1:45555/list
 
[I] [2017-07-09 16:14:43] 构建XML界面完毕！ 
[I] [2017-07-09 16:14:44] 处理不可序列化的请求... 
[I] [2017-07-09 16:14:44] 读取到证书信息，更新通讯秘钥... 
[I] [2017-07-09 16:14:44] 当前的通讯密码为：d1335d06d5319cd2 
[I] [2017-07-09 16:14:44] 订阅频道的消息为空！ 
[I] [2017-07-09 16:14:59] 处理不可序列化的请求... 
[I] [2017-07-09 16:14:59] 拉取到订阅频道【NameNode】的消息 
[I] [2017-07-09 16:15:14] 处理不可序列化的请求... 
[I] [2017-07-09 16:15:14] 订阅频道的消息为空！ 
[I] [2017-07-09 16:15:26] HttpServer start generating route table... 
[I] [2017-07-09 16:15:26] Adding DOCUMENT route -> /jartask --> D:\DistributedTasks 
[I] [2017-07-09 16:15:26] Routing over! 
[I] [2017-07-09 16:15:26] Server started OK at port 45555, which cost 4 ms! Please visit:  http://127.0.0.1:45555/list
 
[I] [2017-07-09 16:15:26] 构建XML界面完毕！ 
[I] [2017-07-09 16:15:26] 处理不可序列化的请求... 
[I] [2017-07-09 16:15:26] 读取到证书信息，更新通讯秘钥... 
[I] [2017-07-09 16:15:26] 当前的通讯密码为：d1335d06d5319cd2 
[I] [2017-07-09 16:15:26] 订阅频道的消息为空！ 
[I] [2017-07-09 16:15:41] 处理不可序列化的请求... 
[I] [2017-07-09 16:15:41] 拉取到订阅频道【NameNode】的消息 
[I] [2017-07-09 16:15:56] 处理不可序列化的请求... 
[I] [2017-07-09 16:15:56] 订阅频道的消息为空！ 
[I] [2017-07-09 16:16:11] 处理不可序列化的请求... 
[I] [2017-07-09 16:16:11] 拉取到订阅频道【NameNode】的消息 
[I] [2017-07-09 16:16:26] 处理不可序列化的请求... 
[I] [2017-07-09 16:16:26] 拉取到订阅频道【NameNode】的消息 
[I] [2017-07-09 16:16:41] 处理不可序列化的请求... 
[I] [2017-07-09 16:16:41] 订阅频道的消息为空！ 
[I] [2017-07-09 16:16:44] 开始执行分布式任务【20170709161643.jar】！ 
[I] [2017-07-09 16:16:47] Receive request: GET /jartask/20170709161643.jar HTTP/1.1 
[I] [2017-07-09 16:16:47] Receive request: GET /jartask/20170709161643.jar HTTP/1.1 
[I] [2017-07-09 16:16:55] Receive request: GET /jartask/20170709161643.jar HTTP/1.1 
[I] [2017-07-09 16:16:56] 处理不可序列化的请求... 
[I] [2017-07-09 16:16:56] 拉取到订阅频道【NameNode】的消息 
[I] [2017-07-09 16:16:59] Receive request: GET /jartask/20170709161643.jar HTTP/1.1 
[I] [2017-07-09 16:17:11] 处理不可序列化的请求... 
[I] [2017-07-09 16:17:11] 拉取到订阅频道【NameNode】的消息 
[I] [2017-07-09 16:17:26] 处理不可序列化的请求... 
[I] [2017-07-09 16:17:26] 订阅频道的消息为空！ 
[I] [2017-07-09 16:17:41] 处理不可序列化的请求... 
[I] [2017-07-09 16:17:41] 订阅频道的消息为空！ 
[I] [2017-07-09 16:17:56] 处理不可序列化的请求... 
[I] [2017-07-09 16:17:56] 订阅频道的消息为空！ 
[I] [2017-07-09 16:18:11] 处理不可序列化的请求... 
[I] [2017-07-09 16:18:11] 订阅频道的消息为空！ 
[I] [2017-07-09 16:18:26] 处理不可序列化的请求... 
[I] [2017-07-09 16:18:26] 订阅频道的消息为空！ 
[I] [2017-07-09 16:18:41] 处理不可序列化的请求... 
[I] [2017-07-09 16:18:41] 订阅频道的消息为空！ 
[I] [2017-07-09 16:18:56] 处理不可序列化的请求... 
[I] [2017-07-09 16:18:56] 订阅频道的消息为空！ 
[I] [2017-07-09 16:19:11] 处理不可序列化的请求... 
[I] [2017-07-09 16:19:11] 订阅频道的消息为空！ 
[I] [2017-07-09 16:21:18] HttpServer start generating route table... 
[I] [2017-07-09 16:21:18] Adding DOCUMENT route -> /jartask --> D:\DistributedTasks 
[I] [2017-07-09 16:21:18] Routing over! 
[I] [2017-07-09 16:21:18] Server started OK at port 45555, which cost 5 ms! Please visit:  http://127.0.0.1:45555/list
 
[I] [2017-07-09 16:21:18] 构建XML界面完毕！ 
[I] [2017-07-09 16:21:19] 读取到证书信息，更新通讯秘钥... 
[I] [2017-07-09 16:21:19] 当前的通讯密码为：d1335d06d5319cd2 
[I] [2017-07-09 16:21:19] 订阅频道的消息为空！ 
[I] [2017-07-09 16:21:32] 开始执行分布式任务【20170709162131.jar】！ 
[I] [2017-07-09 16:21:32] 分布式任务【20170709162131.jar】计算完毕！ 
[I] [2017-07-09 16:21:34] 拉取到订阅频道【NameNode】的消息 
[I] [2017-07-09 16:21:46] 开始执行分布式任务【20170709162145.jar】！ 
[I] [2017-07-09 16:21:49] 订阅频道的消息为空！ 
[I] [2017-07-09 16:21:54] Receive request: GET /jartask/20170709162145.jar HTTP/1.1 
[I] [2017-07-09 16:22:04] 拉取到订阅频道【NameNode】的消息 
[I] [2017-07-09 16:22:05] 分布式任务【20170709162145.jar】计算完毕！ 
